#
# A fatal error has been detected by the Java Runtime Environment:
#
#  SIGSEGV (0xb) at pc=0x00007f30c88061b8, pid=42616, tid=42737
#
# JRE version: OpenJDK Runtime Environment (11.0.16+8) (build 11.0.16+8-post-Ubuntu-0ubuntu122.04)
# Java VM: OpenJDK 64-Bit Server VM (11.0.16+8-post-Ubuntu-0ubuntu122.04, mixed mode, sharing, tiered, compressed oops, g1 gc, linux-amd64)
# Problematic frame:
# V  [libjvm.so+0x92c1b8]  JVM_DoPrivileged+0x218
#
# Core dump will be written. Default location: Core dumps may be processed with "/usr/share/apport/apport -p%p -s%s -c%c -d%d -P%P -u%u -g%g -- %E" (or dumping to /home/niass/Documents/Java/SpringCommande/core.42616)
#
# If you would like to submit a bug report, please visit:
#   https://bugs.launchpad.net/ubuntu/+source/openjdk-lts
#

---------------  S U M M A R Y ------------

Command Line: -XX:TieredStopAtLevel=1 -Xverify:none -Dspring.output.ansi.enabled=always -Dcom.sun.management.jmxremote -Dspring.jmx.enabled=true -Dspring.liveBeansView.mbeanDomain -Dspring.application.admin.enabled=true -javaagent:/snap/intellij-idea-ultimate/377/lib/idea_rt.jar=32983:/snap/intellij-idea-ultimate/377/bin -Dfile.encoding=UTF-8 com.commandespringboot.CommandeSpringBootApplication

Host: Intel(R) Core(TM) i5-6200U CPU @ 2.30GHz, 4 cores, 7G, Ubuntu 22.04 LTS
Time: Mon Aug  8 15:26:04 2022 GMT elapsed time: 17.321981 seconds (0d 0h 0m 17s)

---------------  T H R E A D  ---------------

Current thread (0x00007f3068008800):  JavaThread "RMI TCP Connection(10)-127.0.0.1" daemon [_thread_in_vm, id=42737, stack(0x00007f3089007000,0x00007f3089107000)]

Stack: [0x00007f3089007000,0x00007f3089107000],  sp=0x00007f3089102890,  free space=1006k
Native frames: (J=compiled Java code, A=aot compiled Java code, j=interpreted, Vv=VM code, C=native code)
V  [libjvm.so+0x92c1b8]  JVM_DoPrivileged+0x218
J 2499  java.security.AccessController.doPrivileged(Ljava/security/PrivilegedAction;Ljava/security/AccessControlContext;)Ljava/lang/Object; java.base@11.0.16 (0 bytes) @ 0x00007f30a925c828 [0x00007f30a925c740+0x00000000000000e8]
j  sun.rmi.transport.Transport.setContextClassLoader(Ljava/lang/ClassLoader;)V+9 java.rmi@11.0.16
j  sun.rmi.transport.Transport.serviceCall(Ljava/rmi/server/RemoteCall;)Z+131 java.rmi@11.0.16
j  sun.rmi.transport.tcp.TCPTransport.handleMessages(Lsun/rmi/transport/Connection;Z)V+145 java.rmi@11.0.16
j  sun.rmi.transport.tcp.TCPTransport$ConnectionHandler.run0()V+490 java.rmi@11.0.16
j  sun.rmi.transport.tcp.TCPTransport$ConnectionHandler.lambda$run$0()Ljava/lang/Void;+1 java.rmi@11.0.16
j  sun.rmi.transport.tcp.TCPTransport$ConnectionHandler$$Lambda$127.run()Ljava/lang/Object;+4 java.rmi@11.0.16
v  ~StubRoutines::call_stub
V  [libjvm.so+0x86ff13]
V  [libjvm.so+0x92c50a]  JVM_DoPrivileged+0x56a
J 2499  java.security.AccessController.doPrivileged(Ljava/security/PrivilegedAction;Ljava/security/AccessControlContext;)Ljava/lang/Object; java.base@11.0.16 (0 bytes) @ 0x00007f30a925c828 [0x00007f30a925c740+0x00000000000000e8]
j  sun.rmi.transport.tcp.TCPTransport$ConnectionHandler.run()V+37 java.rmi@11.0.16
j  java.util.concurrent.ThreadPoolExecutor.runWorker(Ljava/util/concurrent/ThreadPoolExecutor$Worker;)V+92 java.base@11.0.16
j  java.util.concurrent.ThreadPoolExecutor$Worker.run()V+5 java.base@11.0.16
j  java.lang.Thread.run()V+11 java.base@11.0.16
v  ~StubRoutines::call_stub
V  [libjvm.so+0x86ff13]
V  [libjvm.so+0x86e556]
V  [libjvm.so+0x91d543]
V  [libjvm.so+0xe35311]
V  [libjvm.so+0xe32860]
V  [libjvm.so+0xbf01ee]

Java frames: (J=compiled Java code, j=interpreted, Vv=VM code)
J 2499  java.security.AccessController.doPrivileged(Ljava/security/PrivilegedAction;Ljava/security/AccessControlContext;)Ljava/lang/Object; java.base@11.0.16 (0 bytes) @ 0x00007f30a925c7b3 [0x00007f30a925c740+0x0000000000000073]
j  sun.rmi.transport.Transport.setContextClassLoader(Ljava/lang/ClassLoader;)V+9 java.rmi@11.0.16
j  sun.rmi.transport.Transport.serviceCall(Ljava/rmi/server/RemoteCall;)Z+131 java.rmi@11.0.16
j  sun.rmi.transport.tcp.TCPTransport.handleMessages(Lsun/rmi/transport/Connection;Z)V+145 java.rmi@11.0.16
j  sun.rmi.transport.tcp.TCPTransport$ConnectionHandler.run0()V+490 java.rmi@11.0.16
j  sun.rmi.transport.tcp.TCPTransport$ConnectionHandler.lambda$run$0()Ljava/lang/Void;+1 java.rmi@11.0.16
j  sun.rmi.transport.tcp.TCPTransport$ConnectionHandler$$Lambda$127.run()Ljava/lang/Object;+4 java.rmi@11.0.16
v  ~StubRoutines::call_stub
J 2499  java.security.AccessController.doPrivileged(Ljava/security/PrivilegedAction;Ljava/security/AccessControlContext;)Ljava/lang/Object; java.base@11.0.16 (0 bytes) @ 0x00007f30a925c7b3 [0x00007f30a925c740+0x0000000000000073]
j  sun.rmi.transport.tcp.TCPTransport$ConnectionHandler.run()V+37 java.rmi@11.0.16
j  java.util.concurrent.ThreadPoolExecutor.runWorker(Ljava/util/concurrent/ThreadPoolExecutor$Worker;)V+92 java.base@11.0.16
j  java.util.concurrent.ThreadPoolExecutor$Worker.run()V+5 java.base@11.0.16
j  java.lang.Thread.run()V+11 java.base@11.0.16
v  ~StubRoutines::call_stub

siginfo: si_signo: 11 (SIGSEGV), si_code: 2 (SEGV_ACCERR), si_addr: 0x00007f3085102920

Register to memory mapping:

RAX={method} {0x00007f30a86b07a0} 'run' '()Ljava/lang/Object;' in 'sun/rmi/transport/Transport$$Lambda$134'
RBX=0x00007f3089102920 is pointing into the stack for thread: 0x00007f3068008800
RCX=0x0000000000000015 is an unknown value
RDX=0x00007f30a86b0758 is pointing into metadata
RSP=0x00007f3089102890 is pointing into the stack for thread: 0x00007f3068008800
RBP=0x00007f3089103d70 is pointing into the stack for thread: 0x00007f3068008800
RSI=0x0000000000000002 is an unknown value
RDI=0x00007f302c147bd0 points into unknown readable memory: 0x0000001e00000004 | 04 00 00 00 1e 00 00 00
R8 =0x0 is NULL
R9 =0x00000008004cb0e8 is pointing into metadata
R10=0x0000000000000002 is an unknown value
R11={method} {0x00007f30a86b07a0} 'run' '()Ljava/lang/Object;' in 'sun/rmi/transport/Transport$$Lambda$134'
R12=0x00007f3068008800 is a thread
R13=0x00007f3030002dc8 points into unknown readable memory: 0x0000000085a27628 | 28 76 a2 85 00 00 00 00
R14=0x00007f30c9194da0: <offset 0x00000000012bada0> in /usr/lib/jvm/java-11-openjdk-amd64/lib/server/libjvm.so at 0x00007f30c7eda000
R15=0x00007f3089102ac0 is pointing into the stack for thread: 0x00007f3068008800


Registers:
RAX=0x00007f30a86b07a0, RBX=0x00007f3089102920, RCX=0x0000000000000015, RDX=0x00007f30a86b0758
RSP=0x00007f3089102890, RBP=0x00007f3089103d70, RSI=0x0000000000000002, RDI=0x00007f302c147bd0
R8 =0x0000000000000000, R9 =0x00000008004cb0e8, R10=0x0000000000000002, R11=0x00007f30a86b07a0
R12=0x00007f3068008800, R13=0x00007f3030002dc8, R14=0x00007f30c9194da0, R15=0x00007f3089102ac0
RIP=0x00007f30c88061b8, EFLAGS=0x0000000000010206, CSGSFS=0x002b000000000033, ERR=0x0000000000000006
  TRAPNO=0x000000000000000e

Top of Stack: (sp=0x00007f3089102890)
0x00007f3089102890:   00007f3089103de0 00007f30a91b8533
0x00007f30891028a0:   00007f30891029c8 00007f3089102a09
0x00007f30891028b0:   00007f3030002dd0 00007f3089102a89
0x00007f30891028c0:   00007f3089102948 00007f3089102989 

Instructions: (pc=0x00007f30c88061b8)
0x00007f30c88060b8:   41 f6 c5 01 0f 85 9e 01 00 00 4c 89 ef ff 15 4d
0x00007f30c88060c8:   99 90 00 48 89 c2 48 8d 9d b0 eb ff ff 4c 89 e6
0x00007f30c88060d8:   48 89 df e8 10 0b c9 ff 4c 8b ad b0 eb ff ff e8
0x00007f30c88060e8:   d4 b7 f4 ff 84 c0 0f 85 84 01 00 00 48 8d 85 90
0x00007f30c88060f8:   eb ff ff 49 83 7c 24 08 00 48 89 85 68 eb ff ff
0x00007f30c8806108:   0f 85 b2 01 00 00 41 f6 c6 01 0f 84 94 01 00 00
0x00007f30c8806118:   49 8d 7e ff ff 15 ee 98 90 00 48 89 c2 48 8d bd
0x00007f30c8806128:   80 eb ff ff 4c 89 e6 e8 bc 0a c9 ff 48 8d 1d 31
0x00007f30c8806138:   38 95 00 48 8b 85 80 eb ff ff 80 3b 00 48 89 85
0x00007f30c8806148:   40 eb ff ff 48 8b 00 0f 84 8b 01 00 00 8b 78 08
0x00007f30c8806158:   48 8d 05 f1 66 92 00 8b 48 08 48 d3 e7 48 03 38
0x00007f30c8806168:   4c 8d 35 31 ec 98 00 48 8b 07 45 31 c0 31 c9 49
0x00007f30c8806178:   8b 96 60 18 00 00 49 8b b6 28 0b 00 00 ff 90 c0
0x00007f30c8806188:   00 00 00 66 49 0f 6e fc 66 48 0f 6e c0 66 0f 6c
0x00007f30c8806198:   c7 48 85 c0 0f 84 46 04 00 00 0f 29 85 90 eb ff
0x00007f30c88061a8:   ff 49 8b bc 24 88 02 00 00 48 8d 9d b0 eb ff ff
0x00007f30c88061b8:   48 89 85 b0 eb ff ff 48 89 de e8 a9 fb ff ff 48
0x00007f30c88061c8:   8b bd 90 eb ff ff 48 85 ff 74 29 48 8b 07 48 8d
0x00007f30c88061d8:   15 73 1e d4 ff 48 8b 40 10 48 39 d0 0f 85 86 04
0x00007f30c88061e8:   00 00 8b 47 20 a8 01 74 0b a9 08 04 00 00 0f 84
0x00007f30c88061f8:   64 02 00 00 49 8b 8e a0 04 00 00 ba f4 04 00 00
0x00007f30c8806208:   4c 89 e7 45 31 ed 4c 8d 05 48 b3 63 00 48 8d 35
0x00007f30c8806218:   c4 b3 63 00 e8 cf 1a e0 ff 48 8b bd 68 eb ff ff
0x00007f30c8806228:   e8 13 3a ed ff 49 8b bc 24 f0 00 00 00 e8 26 16
0x00007f30c8806238:   fd ff 48 8d bd 78 eb ff ff e8 7a 16 fd ff 48 81
0x00007f30c8806248:   c4 b8 14 00 00 4c 89 e8 5b 41 5c 41 5d 41 5e 41
0x00007f30c8806258:   5f 5d c3 0f 1f 44 00 00 49 8d 7d ff ff 15 a6 97
0x00007f30c8806268:   90 00 48 89 c2 e9 5c fe ff ff 66 0f 1f 44 00 00
0x00007f30c8806278:   48 8d 05 49 bd 98 00 48 8b 38 e8 29 00 53 00 48
0x00007f30c8806288:   85 c0 75 64 49 83 7c 24 08 00 75 2c 48 8d 85 90
0x00007f30c8806298:   eb ff ff 48 89 85 68 eb ff ff 41 f6 c6 01 0f 85
0x00007f30c88062a8:   6c fe ff ff 4c 89 f7 ff 15 63 97 90 00 48 89 c2 


Stack slot to memory mapping:
stack at sp + 0 slots: 0x00007f3089103de0 is pointing into the stack for thread: 0x00007f3068008800
stack at sp + 1 slots: 0x00007f30a91b8533 is at entry_point+115 in (nmethod*)0x00007f30a91b8310
stack at sp + 2 slots: 0x00007f30891029c8 is pointing into the stack for thread: 0x00007f3068008800
stack at sp + 3 slots: 0x00007f3089102a09 is pointing into the stack for thread: 0x00007f3068008800
stack at sp + 4 slots: 0x00007f3030002dd0 points into unknown readable memory: 0x000000008d22f850 | 50 f8 22 8d 00 00 00 00
stack at sp + 5 slots: 0x00007f3089102a89 is pointing into the stack for thread: 0x00007f3068008800
stack at sp + 6 slots: 0x00007f3089102948 is pointing into the stack for thread: 0x00007f3068008800
stack at sp + 7 slots: 0x00007f3089102989 is pointing into the stack for thread: 0x00007f3068008800


---------------  P R O C E S S  ---------------

Threads class SMR info:
_java_thread_list=0x00007f303000da50, length=20, elements={
0x00007f30c0018800, 0x00007f30c0179800, 0x00007f30c017b800, 0x00007f30c0182800,
0x00007f30c0184800, 0x00007f30c0186800, 0x00007f30c0188800, 0x00007f30c01ae800,
0x00007f30c04da800, 0x00007f30c057a800, 0x00007f3080001000, 0x00007f3068001800,
0x00007f305001c800, 0x00007f30c0704800, 0x00007f3048008000, 0x00007f3068003000,
0x00007f3068005000, 0x00007f3068006000, 0x00007f3068007000, 0x00007f3068008800
}

Java Threads: ( => current thread )
  0x00007f30c0018800 JavaThread "main" [_thread_blocked, id=42617, stack(0x00007f30c7aa7000,0x00007f30c7ba7000)]
  0x00007f30c0179800 JavaThread "Reference Handler" daemon [_thread_blocked, id=42627, stack(0x00007f308bf00000,0x00007f308c000000)]
  0x00007f30c017b800 JavaThread "Finalizer" daemon [_thread_blocked, id=42628, stack(0x00007f308be00000,0x00007f308bf00000)]
  0x00007f30c0182800 JavaThread "Signal Dispatcher" daemon [_thread_blocked, id=42630, stack(0x00007f308af18000,0x00007f308b018000)]
  0x00007f30c0184800 JavaThread "Service Thread" daemon [_thread_blocked, id=42631, stack(0x00007f308ae18000,0x00007f308af18000)]
  0x00007f30c0186800 JavaThread "C1 CompilerThread0" daemon [_thread_blocked, id=42632, stack(0x00007f308ad18000,0x00007f308ae18000)]
  0x00007f30c0188800 JavaThread "Sweeper thread" daemon [_thread_blocked, id=42633, stack(0x00007f308ac18000,0x00007f308ad18000)]
  0x00007f30c01ae800 JavaThread "Common-Cleaner" daemon [_thread_blocked, id=42634, stack(0x00007f308ab18000,0x00007f308ac18000)]
  0x00007f30c04da800 JavaThread "Monitor Ctrl-Break" daemon [_thread_in_native, id=42638, stack(0x00007f308aa18000,0x00007f308ab18000)]
  0x00007f30c057a800 JavaThread "RMI TCP Accept-0" daemon [_thread_in_native, id=42643, stack(0x00007f308a918000,0x00007f308aa18000)]
  0x00007f3080001000 JavaThread "Attach Listener" daemon [_thread_blocked, id=42672, stack(0x00007f308a409000,0x00007f308a509000)]
  0x00007f3068001800 JavaThread "RMI TCP Connection(2)-127.0.0.1" daemon [_thread_in_native, id=42675, stack(0x00007f308a309000,0x00007f308a409000)]
  0x00007f305001c800 JavaThread "RMI Scheduler(0)" daemon [_thread_blocked, id=42676, stack(0x00007f308a209000,0x00007f308a309000)]
  0x00007f30c0704800 JavaThread "Thread-0" [_thread_blocked, id=42677, stack(0x00007f308a109000,0x00007f308a209000)]
  0x00007f3048008000 JavaThread "restartedMain" [_thread_in_native, id=42678, stack(0x00007f308a009000,0x00007f308a109000)]
  0x00007f3068003000 JavaThread "RMI TCP Connection(6)-127.0.0.1" daemon [_thread_in_native, id=42690, stack(0x00007f3089f09000,0x00007f308a009000)]
  0x00007f3068005000 JavaThread "RMI TCP Connection(4)-127.0.0.1" daemon [_thread_in_native, id=42699, stack(0x00007f3089b07000,0x00007f3089c07000)]
  0x00007f3068006000 JavaThread "RMI TCP Connection(8)-127.0.0.1" daemon [_thread_in_native, id=42718, stack(0x00007f3089707000,0x00007f3089807000)]
  0x00007f3068007000 JavaThread "RMI TCP Connection(9)-127.0.0.1" daemon [_thread_in_native, id=42723, stack(0x00007f3089a07000,0x00007f3089b07000)]
=>0x00007f3068008800 JavaThread "RMI TCP Connection(10)-127.0.0.1" daemon [_thread_in_vm, id=42737, stack(0x00007f3089007000,0x00007f3089107000)]

Other Threads:
  0x00007f30c0177000 VMThread "VM Thread" [stack: 0x00007f30a0058000,0x00007f30a0158000] [id=42626]
  0x00007f30c0580800 WatcherThread [stack: 0x00007f308a818000,0x00007f308a918000] [id=42644]
  0x00007f30c0031800 GCTaskThread "GC Thread#0" [stack: 0x00007f30c7762000,0x00007f30c7862000] [id=42620]
  0x00007f3090001000 GCTaskThread "GC Thread#1" [stack: 0x00007f308a70f000,0x00007f308a80f000] [id=42668]
  0x00007f3090002800 GCTaskThread "GC Thread#2" [stack: 0x00007f308a60d000,0x00007f308a70d000] [id=42669]
  0x00007f3090005000 GCTaskThread "GC Thread#3" [stack: 0x00007f3089e09000,0x00007f3089f09000] [id=42681]
  0x00007f30c0062800 ConcurrentGCThread "G1 Main Marker" [stack: 0x00007f30c47f3000,0x00007f30c48f3000] [id=42621]
  0x00007f30c0064800 ConcurrentGCThread "G1 Conc#0" [stack: 0x00007f30c46f1000,0x00007f30c47f1000] [id=42623]
  0x00007f30c00dc800 ConcurrentGCThread "G1 Refine#0" [stack: 0x00007f30c41eb000,0x00007f30c42eb000] [id=42624]
  0x00007f3098001000 ConcurrentGCThread "G1 Refine#1" [stack: 0x00007f308a50b000,0x00007f308a60b000] [id=42670]
  0x00007f30c00de800 ConcurrentGCThread "G1 Young RemSet Sampling" [stack: 0x00007f30c40e9000,0x00007f30c41e9000] [id=42625]

Threads with active compile tasks:

VM state:not at safepoint (normal execution)

VM Mutex/Monitor currently owned by a thread: None

Heap address: 0x0000000085600000, size: 1962 MB, Compressed Oops mode: 32-bit
Narrow klass base: 0x0000000800000000, Narrow klass shift: 3
Compressed class space size: 1073741824 Address: 0x0000000840000000

Heap:
 garbage-first heap   total 155648K, used 43130K [0x0000000085600000, 0x0000000100000000)
  region size 1024K, 36 young (36864K), 6 survivors (6144K)
 Metaspace       used 22169K, capacity 23270K, committed 23472K, reserved 1069056K
  class space    used 3013K, capacity 3474K, committed 3584K, reserved 1048576K
Heap Regions: E=young(eden), S=young(survivor), O=old, HS=humongous(starts), HC=humongous(continues), CS=collection set, F=free, A=archive, TAMS=top-at-mark-start (previous, next)
|   0|0x0000000085600000, 0x0000000085700000, 0x0000000085700000|100%|HS|  |TAMS 0x0000000085700000, 0x0000000085600000| Complete 
|   1|0x0000000085700000, 0x0000000085800000, 0x0000000085800000|100%| O|  |TAMS 0x0000000085800000, 0x0000000085700000| Untracked 
|   2|0x0000000085800000, 0x0000000085900000, 0x0000000085900000|100%| O|  |TAMS 0x0000000085900000, 0x0000000085800000| Untracked 
|   3|0x0000000085900000, 0x0000000085a00000, 0x0000000085a00000|100%| O|  |TAMS 0x0000000085a00000, 0x0000000085900000| Untracked 
|   4|0x0000000085a00000, 0x0000000085b00000, 0x0000000085b00000|100%| O|  |TAMS 0x0000000085b00000, 0x0000000085a00000| Untracked 
|   5|0x0000000085b00000, 0x0000000085c00000, 0x0000000085c00000|100%| O|  |TAMS 0x0000000085c00000, 0x0000000085b00000| Untracked 
|   6|0x0000000085c00000, 0x0000000085c6b800, 0x0000000085d00000| 41%| O|  |TAMS 0x0000000085c6b800, 0x0000000085c00000| Untracked 
|   7|0x0000000085d00000, 0x0000000085d00000, 0x0000000085e00000|  0%| F|  |TAMS 0x0000000085d00000, 0x0000000085d00000| Untracked 
|   8|0x0000000085e00000, 0x0000000085e00000, 0x0000000085f00000|  0%| F|  |TAMS 0x0000000085e00000, 0x0000000085e00000| Untracked 
|   9|0x0000000085f00000, 0x0000000085f00000, 0x0000000086000000|  0%| F|  |TAMS 0x0000000085f00000, 0x0000000085f00000| Untracked 
|  10|0x0000000086000000, 0x0000000086000000, 0x0000000086100000|  0%| F|  |TAMS 0x0000000086000000, 0x0000000086000000| Untracked 
|  11|0x0000000086100000, 0x0000000086100000, 0x0000000086200000|  0%| F|  |TAMS 0x0000000086100000, 0x0000000086100000| Untracked 
|  12|0x0000000086200000, 0x0000000086200000, 0x0000000086300000|  0%| F|  |TAMS 0x0000000086200000, 0x0000000086200000| Untracked 
|  13|0x0000000086300000, 0x0000000086300000, 0x0000000086400000|  0%| F|  |TAMS 0x0000000086300000, 0x0000000086300000| Untracked 
|  14|0x0000000086400000, 0x0000000086400000, 0x0000000086500000|  0%| F|  |TAMS 0x0000000086400000, 0x0000000086400000| Untracked 
|  15|0x0000000086500000, 0x0000000086500000, 0x0000000086600000|  0%| F|  |TAMS 0x0000000086500000, 0x0000000086500000| Untracked 
|  16|0x0000000086600000, 0x0000000086600000, 0x0000000086700000|  0%| F|  |TAMS 0x0000000086600000, 0x0000000086600000| Untracked 
|  17|0x0000000086700000, 0x0000000086700000, 0x0000000086800000|  0%| F|  |TAMS 0x0000000086700000, 0x0000000086700000| Untracked 
|  18|0x0000000086800000, 0x0000000086800000, 0x0000000086900000|  0%| F|  |TAMS 0x0000000086800000, 0x0000000086800000| Untracked 
|  19|0x0000000086900000, 0x0000000086900000, 0x0000000086a00000|  0%| F|  |TAMS 0x0000000086900000, 0x0000000086900000| Untracked 
|  20|0x0000000086a00000, 0x0000000086a00000, 0x0000000086b00000|  0%| F|  |TAMS 0x0000000086a00000, 0x0000000086a00000| Untracked 
|  21|0x0000000086b00000, 0x0000000086b00000, 0x0000000086c00000|  0%| F|  |TAMS 0x0000000086b00000, 0x0000000086b00000| Untracked 
|  22|0x0000000086c00000, 0x0000000086c00000, 0x0000000086d00000|  0%| F|  |TAMS 0x0000000086c00000, 0x0000000086c00000| Untracked 
|  23|0x0000000086d00000, 0x0000000086d00000, 0x0000000086e00000|  0%| F|  |TAMS 0x0000000086d00000, 0x0000000086d00000| Untracked 
|  24|0x0000000086e00000, 0x0000000086e00000, 0x0000000086f00000|  0%| F|  |TAMS 0x0000000086e00000, 0x0000000086e00000| Untracked 
|  25|0x0000000086f00000, 0x0000000086f00000, 0x0000000087000000|  0%| F|  |TAMS 0x0000000086f00000, 0x0000000086f00000| Untracked 
|  26|0x0000000087000000, 0x0000000087000000, 0x0000000087100000|  0%| F|  |TAMS 0x0000000087000000, 0x0000000087000000| Untracked 
|  27|0x0000000087100000, 0x0000000087100000, 0x0000000087200000|  0%| F|  |TAMS 0x0000000087100000, 0x0000000087100000| Untracked 
|  28|0x0000000087200000, 0x0000000087200000, 0x0000000087300000|  0%| F|  |TAMS 0x0000000087200000, 0x0000000087200000| Untracked 
|  29|0x0000000087300000, 0x0000000087300000, 0x0000000087400000|  0%| F|  |TAMS 0x0000000087300000, 0x0000000087300000| Untracked 
|  30|0x0000000087400000, 0x0000000087400000, 0x0000000087500000|  0%| F|  |TAMS 0x0000000087400000, 0x0000000087400000| Untracked 
|  31|0x0000000087500000, 0x0000000087500000, 0x0000000087600000|  0%| F|  |TAMS 0x0000000087500000, 0x0000000087500000| Untracked 
|  32|0x0000000087600000, 0x0000000087600000, 0x0000000087700000|  0%| F|  |TAMS 0x0000000087600000, 0x0000000087600000| Untracked 
|  33|0x0000000087700000, 0x0000000087700000, 0x0000000087800000|  0%| F|  |TAMS 0x0000000087700000, 0x0000000087700000| Untracked 
|  34|0x0000000087800000, 0x0000000087800000, 0x0000000087900000|  0%| F|  |TAMS 0x0000000087800000, 0x0000000087800000| Untracked 
|  35|0x0000000087900000, 0x0000000087900000, 0x0000000087a00000|  0%| F|  |TAMS 0x0000000087900000, 0x0000000087900000| Untracked 
|  36|0x0000000087a00000, 0x0000000087a00000, 0x0000000087b00000|  0%| F|  |TAMS 0x0000000087a00000, 0x0000000087a00000| Untracked 
|  37|0x0000000087b00000, 0x0000000087b00000, 0x0000000087c00000|  0%| F|  |TAMS 0x0000000087b00000, 0x0000000087b00000| Untracked 
|  38|0x0000000087c00000, 0x0000000087c00000, 0x0000000087d00000|  0%| F|  |TAMS 0x0000000087c00000, 0x0000000087c00000| Untracked 
|  39|0x0000000087d00000, 0x0000000087d00000, 0x0000000087e00000|  0%| F|  |TAMS 0x0000000087d00000, 0x0000000087d00000| Untracked 
|  40|0x0000000087e00000, 0x0000000087e00000, 0x0000000087f00000|  0%| F|  |TAMS 0x0000000087e00000, 0x0000000087e00000| Untracked 
|  41|0x0000000087f00000, 0x0000000087f00000, 0x0000000088000000|  0%| F|  |TAMS 0x0000000087f00000, 0x0000000087f00000| Untracked 
|  42|0x0000000088000000, 0x0000000088000000, 0x0000000088100000|  0%| F|  |TAMS 0x0000000088000000, 0x0000000088000000| Untracked 
|  43|0x0000000088100000, 0x0000000088100000, 0x0000000088200000|  0%| F|  |TAMS 0x0000000088100000, 0x0000000088100000| Untracked 
|  44|0x0000000088200000, 0x0000000088200000, 0x0000000088300000|  0%| F|  |TAMS 0x0000000088200000, 0x0000000088200000| Untracked 
|  45|0x0000000088300000, 0x0000000088300000, 0x0000000088400000|  0%| F|  |TAMS 0x0000000088300000, 0x0000000088300000| Untracked 
|  46|0x0000000088400000, 0x0000000088400000, 0x0000000088500000|  0%| F|  |TAMS 0x0000000088400000, 0x0000000088400000| Untracked 
|  47|0x0000000088500000, 0x0000000088500000, 0x0000000088600000|  0%| F|  |TAMS 0x0000000088500000, 0x0000000088500000| Untracked 
|  48|0x0000000088600000, 0x0000000088600000, 0x0000000088700000|  0%| F|  |TAMS 0x0000000088600000, 0x0000000088600000| Untracked 
|  49|0x0000000088700000, 0x0000000088700000, 0x0000000088800000|  0%| F|  |TAMS 0x0000000088700000, 0x0000000088700000| Untracked 
|  50|0x0000000088800000, 0x0000000088800000, 0x0000000088900000|  0%| F|  |TAMS 0x0000000088800000, 0x0000000088800000| Untracked 
|  51|0x0000000088900000, 0x0000000088900000, 0x0000000088a00000|  0%| F|  |TAMS 0x0000000088900000, 0x0000000088900000| Untracked 
|  52|0x0000000088a00000, 0x0000000088a00000, 0x0000000088b00000|  0%| F|  |TAMS 0x0000000088a00000, 0x0000000088a00000| Untracked 
|  53|0x0000000088b00000, 0x0000000088b00000, 0x0000000088c00000|  0%| F|  |TAMS 0x0000000088b00000, 0x0000000088b00000| Untracked 
|  54|0x0000000088c00000, 0x0000000088c00000, 0x0000000088d00000|  0%| F|  |TAMS 0x0000000088c00000, 0x0000000088c00000| Untracked 
|  55|0x0000000088d00000, 0x0000000088d00000, 0x0000000088e00000|  0%| F|  |TAMS 0x0000000088d00000, 0x0000000088d00000| Untracked 
|  56|0x0000000088e00000, 0x0000000088e00000, 0x0000000088f00000|  0%| F|  |TAMS 0x0000000088e00000, 0x0000000088e00000| Untracked 
|  57|0x0000000088f00000, 0x0000000088f00000, 0x0000000089000000|  0%| F|  |TAMS 0x0000000088f00000, 0x0000000088f00000| Untracked 
|  58|0x0000000089000000, 0x0000000089000000, 0x0000000089100000|  0%| F|  |TAMS 0x0000000089000000, 0x0000000089000000| Untracked 
|  59|0x0000000089100000, 0x0000000089100000, 0x0000000089200000|  0%| F|  |TAMS 0x0000000089100000, 0x0000000089100000| Untracked 
|  60|0x0000000089200000, 0x0000000089200000, 0x0000000089300000|  0%| F|  |TAMS 0x0000000089200000, 0x0000000089200000| Untracked 
|  61|0x0000000089300000, 0x0000000089300000, 0x0000000089400000|  0%| F|  |TAMS 0x0000000089300000, 0x0000000089300000| Untracked 
|  62|0x0000000089400000, 0x0000000089400000, 0x0000000089500000|  0%| F|  |TAMS 0x0000000089400000, 0x0000000089400000| Untracked 
|  63|0x0000000089500000, 0x0000000089500000, 0x0000000089600000|  0%| F|  |TAMS 0x0000000089500000, 0x0000000089500000| Untracked 
|  64|0x0000000089600000, 0x0000000089600000, 0x0000000089700000|  0%| F|  |TAMS 0x0000000089600000, 0x0000000089600000| Untracked 
|  65|0x0000000089700000, 0x0000000089700000, 0x0000000089800000|  0%| F|  |TAMS 0x0000000089700000, 0x0000000089700000| Untracked 
|  66|0x0000000089800000, 0x0000000089800000, 0x0000000089900000|  0%| F|  |TAMS 0x0000000089800000, 0x0000000089800000| Untracked 
|  67|0x0000000089900000, 0x0000000089900000, 0x0000000089a00000|  0%| F|  |TAMS 0x0000000089900000, 0x0000000089900000| Untracked 
|  68|0x0000000089a00000, 0x0000000089a00000, 0x0000000089b00000|  0%| F|  |TAMS 0x0000000089a00000, 0x0000000089a00000| Untracked 
|  69|0x0000000089b00000, 0x0000000089b00000, 0x0000000089c00000|  0%| F|  |TAMS 0x0000000089b00000, 0x0000000089b00000| Untracked 
|  70|0x0000000089c00000, 0x0000000089c00000, 0x0000000089d00000|  0%| F|  |TAMS 0x0000000089c00000, 0x0000000089c00000| Untracked 
|  71|0x0000000089d00000, 0x0000000089d00000, 0x0000000089e00000|  0%| F|  |TAMS 0x0000000089d00000, 0x0000000089d00000| Untracked 
|  72|0x0000000089e00000, 0x0000000089e00000, 0x0000000089f00000|  0%| F|  |TAMS 0x0000000089e00000, 0x0000000089e00000| Untracked 
|  73|0x0000000089f00000, 0x0000000089f00000, 0x000000008a000000|  0%| F|  |TAMS 0x0000000089f00000, 0x0000000089f00000| Untracked 
|  74|0x000000008a000000, 0x000000008a000000, 0x000000008a100000|  0%| F|  |TAMS 0x000000008a000000, 0x000000008a000000| Untracked 
|  75|0x000000008a100000, 0x000000008a100000, 0x000000008a200000|  0%| F|  |TAMS 0x000000008a100000, 0x000000008a100000| Untracked 
|  76|0x000000008a200000, 0x000000008a200000, 0x000000008a300000|  0%| F|  |TAMS 0x000000008a200000, 0x000000008a200000| Untracked 
|  77|0x000000008a300000, 0x000000008a300000, 0x000000008a400000|  0%| F|  |TAMS 0x000000008a300000, 0x000000008a300000| Untracked 
|  78|0x000000008a400000, 0x000000008a400000, 0x000000008a500000|  0%| F|  |TAMS 0x000000008a400000, 0x000000008a400000| Untracked 
|  79|0x000000008a500000, 0x000000008a500000, 0x000000008a600000|  0%| F|  |TAMS 0x000000008a500000, 0x000000008a500000| Untracked 
|  80|0x000000008a600000, 0x000000008a600000, 0x000000008a700000|  0%| F|  |TAMS 0x000000008a600000, 0x000000008a600000| Untracked 
|  81|0x000000008a700000, 0x000000008a700000, 0x000000008a800000|  0%| F|  |TAMS 0x000000008a700000, 0x000000008a700000| Untracked 
|  82|0x000000008a800000, 0x000000008a800000, 0x000000008a900000|  0%| F|  |TAMS 0x000000008a800000, 0x000000008a800000| Untracked 
|  83|0x000000008a900000, 0x000000008a900000, 0x000000008aa00000|  0%| F|  |TAMS 0x000000008a900000, 0x000000008a900000| Untracked 
|  84|0x000000008aa00000, 0x000000008aa00000, 0x000000008ab00000|  0%| F|  |TAMS 0x000000008aa00000, 0x000000008aa00000| Untracked 
|  85|0x000000008ab00000, 0x000000008ab00000, 0x000000008ac00000|  0%| F|  |TAMS 0x000000008ab00000, 0x000000008ab00000| Untracked 
|  86|0x000000008ac00000, 0x000000008ac00000, 0x000000008ad00000|  0%| F|  |TAMS 0x000000008ac00000, 0x000000008ac00000| Untracked 
|  87|0x000000008ad00000, 0x000000008ad00000, 0x000000008ae00000|  0%| F|  |TAMS 0x000000008ad00000, 0x000000008ad00000| Untracked 
|  88|0x000000008ae00000, 0x000000008ae00000, 0x000000008af00000|  0%| F|  |TAMS 0x000000008ae00000, 0x000000008ae00000| Untracked 
|  89|0x000000008af00000, 0x000000008af00000, 0x000000008b000000|  0%| F|  |TAMS 0x000000008af00000, 0x000000008af00000| Untracked 
|  90|0x000000008b000000, 0x000000008b000000, 0x000000008b100000|  0%| F|  |TAMS 0x000000008b000000, 0x000000008b000000| Untracked 
|  91|0x000000008b100000, 0x000000008b100000, 0x000000008b200000|  0%| F|  |TAMS 0x000000008b100000, 0x000000008b100000| Untracked 
|  92|0x000000008b200000, 0x000000008b200000, 0x000000008b300000|  0%| F|  |TAMS 0x000000008b200000, 0x000000008b200000| Untracked 
|  93|0x000000008b300000, 0x000000008b300000, 0x000000008b400000|  0%| F|  |TAMS 0x000000008b300000, 0x000000008b300000| Untracked 
|  94|0x000000008b400000, 0x000000008b400000, 0x000000008b500000|  0%| F|  |TAMS 0x000000008b400000, 0x000000008b400000| Untracked 
|  95|0x000000008b500000, 0x000000008b500000, 0x000000008b600000|  0%| F|  |TAMS 0x000000008b500000, 0x000000008b500000| Untracked 
|  96|0x000000008b600000, 0x000000008b600000, 0x000000008b700000|  0%| F|  |TAMS 0x000000008b600000, 0x000000008b600000| Untracked 
|  97|0x000000008b700000, 0x000000008b700000, 0x000000008b800000|  0%| F|  |TAMS 0x000000008b700000, 0x000000008b700000| Untracked 
|  98|0x000000008b800000, 0x000000008b800000, 0x000000008b900000|  0%| F|  |TAMS 0x000000008b800000, 0x000000008b800000| Untracked 
|  99|0x000000008b900000, 0x000000008b900000, 0x000000008ba00000|  0%| F|  |TAMS 0x000000008b900000, 0x000000008b900000| Untracked 
| 100|0x000000008ba00000, 0x000000008ba00000, 0x000000008bb00000|  0%| F|  |TAMS 0x000000008ba00000, 0x000000008ba00000| Untracked 
| 101|0x000000008bb00000, 0x000000008bb00000, 0x000000008bc00000|  0%| F|  |TAMS 0x000000008bb00000, 0x000000008bb00000| Untracked 
| 102|0x000000008bc00000, 0x000000008bc00000, 0x000000008bd00000|  0%| F|  |TAMS 0x000000008bc00000, 0x000000008bc00000| Untracked 
| 103|0x000000008bd00000, 0x000000008bd00000, 0x000000008be00000|  0%| F|  |TAMS 0x000000008bd00000, 0x000000008bd00000| Untracked 
| 104|0x000000008be00000, 0x000000008be00000, 0x000000008bf00000|  0%| F|  |TAMS 0x000000008be00000, 0x000000008be00000| Untracked 
| 105|0x000000008bf00000, 0x000000008bf00000, 0x000000008c000000|  0%| F|  |TAMS 0x000000008bf00000, 0x000000008bf00000| Untracked 
| 106|0x000000008c000000, 0x000000008c000000, 0x000000008c100000|  0%| F|  |TAMS 0x000000008c000000, 0x000000008c000000| Untracked 
| 107|0x000000008c100000, 0x000000008c100000, 0x000000008c200000|  0%| F|  |TAMS 0x000000008c100000, 0x000000008c100000| Untracked 
| 108|0x000000008c200000, 0x000000008c200000, 0x000000008c300000|  0%| F|  |TAMS 0x000000008c200000, 0x000000008c200000| Untracked 
| 109|0x000000008c300000, 0x000000008c300000, 0x000000008c400000|  0%| F|  |TAMS 0x000000008c300000, 0x000000008c300000| Untracked 
| 110|0x000000008c400000, 0x000000008c400000, 0x000000008c500000|  0%| F|  |TAMS 0x000000008c400000, 0x000000008c400000| Untracked 
| 111|0x000000008c500000, 0x000000008c500000, 0x000000008c600000|  0%| F|  |TAMS 0x000000008c500000, 0x000000008c500000| Untracked 
| 112|0x000000008c600000, 0x000000008c600000, 0x000000008c700000|  0%| F|  |TAMS 0x000000008c600000, 0x000000008c600000| Untracked 
| 113|0x000000008c700000, 0x000000008c700000, 0x000000008c800000|  0%| F|  |TAMS 0x000000008c700000, 0x000000008c700000| Untracked 
| 114|0x000000008c800000, 0x000000008c880800, 0x000000008c900000| 50%| E|  |TAMS 0x000000008c800000, 0x000000008c800000| Complete 
| 115|0x000000008c900000, 0x000000008ca00000, 0x000000008ca00000|100%| E|CS|TAMS 0x000000008c900000, 0x000000008c900000| Complete 
| 116|0x000000008ca00000, 0x000000008cb00000, 0x000000008cb00000|100%| E|CS|TAMS 0x000000008ca00000, 0x000000008ca00000| Complete 
| 117|0x000000008cb00000, 0x000000008cc00000, 0x000000008cc00000|100%| E|CS|TAMS 0x000000008cb00000, 0x000000008cb00000| Complete 
| 118|0x000000008cc00000, 0x000000008cd00000, 0x000000008cd00000|100%| E|CS|TAMS 0x000000008cc00000, 0x000000008cc00000| Complete 
| 119|0x000000008cd00000, 0x000000008ce00000, 0x000000008ce00000|100%| E|CS|TAMS 0x000000008cd00000, 0x000000008cd00000| Complete 
| 120|0x000000008ce00000, 0x000000008cf00000, 0x000000008cf00000|100%| E|CS|TAMS 0x000000008ce00000, 0x000000008ce00000| Complete 
| 121|0x000000008cf00000, 0x000000008d000000, 0x000000008d000000|100%| E|CS|TAMS 0x000000008cf00000, 0x000000008cf00000| Complete 
| 122|0x000000008d000000, 0x000000008d100000, 0x000000008d100000|100%| E|CS|TAMS 0x000000008d000000, 0x000000008d000000| Complete 
| 123|0x000000008d100000, 0x000000008d200000, 0x000000008d200000|100%| E|CS|TAMS 0x000000008d100000, 0x000000008d100000| Complete 
| 124|0x000000008d200000, 0x000000008d300000, 0x000000008d300000|100%| E|CS|TAMS 0x000000008d200000, 0x000000008d200000| Complete 
| 125|0x000000008d300000, 0x000000008d400000, 0x000000008d400000|100%| E|CS|TAMS 0x000000008d300000, 0x000000008d300000| Complete 
| 126|0x000000008d400000, 0x000000008d500000, 0x000000008d500000|100%| E|CS|TAMS 0x000000008d400000, 0x000000008d400000| Complete 
| 127|0x000000008d500000, 0x000000008d600000, 0x000000008d600000|100%| E|CS|TAMS 0x000000008d500000, 0x000000008d500000| Complete 
| 128|0x000000008d600000, 0x000000008d700000, 0x000000008d700000|100%| E|CS|TAMS 0x000000008d600000, 0x000000008d600000| Complete 
| 129|0x000000008d700000, 0x000000008d800000, 0x000000008d800000|100%| E|CS|TAMS 0x000000008d700000, 0x000000008d700000| Complete 
| 130|0x000000008d800000, 0x000000008d900000, 0x000000008d900000|100%| E|CS|TAMS 0x000000008d800000, 0x000000008d800000| Complete 
| 131|0x000000008d900000, 0x000000008da00000, 0x000000008da00000|100%| E|CS|TAMS 0x000000008d900000, 0x000000008d900000| Complete 
| 132|0x000000008da00000, 0x000000008db00000, 0x000000008db00000|100%| S|CS|TAMS 0x000000008da00000, 0x000000008da00000| Complete 
| 133|0x000000008db00000, 0x000000008dc00000, 0x000000008dc00000|100%| S|CS|TAMS 0x000000008db00000, 0x000000008db00000| Complete 
| 134|0x000000008dc00000, 0x000000008dd00000, 0x000000008dd00000|100%| S|CS|TAMS 0x000000008dc00000, 0x000000008dc00000| Complete 
| 135|0x000000008dd00000, 0x000000008de00000, 0x000000008de00000|100%| S|CS|TAMS 0x000000008dd00000, 0x000000008dd00000| Complete 
| 136|0x000000008de00000, 0x000000008df00000, 0x000000008df00000|100%| S|CS|TAMS 0x000000008de00000, 0x000000008de00000| Complete 
| 137|0x000000008df00000, 0x000000008e000000, 0x000000008e000000|100%| S|CS|TAMS 0x000000008df00000, 0x000000008df00000| Complete 
| 138|0x000000008e000000, 0x000000008e100000, 0x000000008e100000|100%| E|CS|TAMS 0x000000008e000000, 0x000000008e000000| Complete 
| 139|0x000000008e100000, 0x000000008e200000, 0x000000008e200000|100%| E|CS|TAMS 0x000000008e100000, 0x000000008e100000| Complete 
| 140|0x000000008e200000, 0x000000008e300000, 0x000000008e300000|100%| E|CS|TAMS 0x000000008e200000, 0x000000008e200000| Complete 
| 141|0x000000008e300000, 0x000000008e400000, 0x000000008e400000|100%| E|CS|TAMS 0x000000008e300000, 0x000000008e300000| Complete 
| 142|0x000000008e400000, 0x000000008e500000, 0x000000008e500000|100%| E|CS|TAMS 0x000000008e400000, 0x000000008e400000| Complete 
| 143|0x000000008e500000, 0x000000008e600000, 0x000000008e600000|100%| E|CS|TAMS 0x000000008e500000, 0x000000008e500000| Complete 
| 144|0x000000008e600000, 0x000000008e700000, 0x000000008e700000|100%| E|CS|TAMS 0x000000008e600000, 0x000000008e600000| Complete 
| 145|0x000000008e700000, 0x000000008e800000, 0x000000008e800000|100%| E|CS|TAMS 0x000000008e700000, 0x000000008e700000| Complete 
| 146|0x000000008e800000, 0x000000008e900000, 0x000000008e900000|100%| E|CS|TAMS 0x000000008e800000, 0x000000008e800000| Complete 
| 147|0x000000008e900000, 0x000000008ea00000, 0x000000008ea00000|100%| E|CS|TAMS 0x000000008e900000, 0x000000008e900000| Complete 
| 148|0x000000008ea00000, 0x000000008eb00000, 0x000000008eb00000|100%| E|CS|TAMS 0x000000008ea00000, 0x000000008ea00000| Complete 
| 149|0x000000008eb00000, 0x000000008ec00000, 0x000000008ec00000|100%| E|CS|TAMS 0x000000008eb00000, 0x000000008eb00000| Complete 
|1960|0x00000000ffe00000, 0x00000000ffe48000, 0x00000000fff00000| 28%|OA|  |TAMS 0x00000000ffe48000, 0x00000000ffe00000| Untracked 
|1961|0x00000000fff00000, 0x00000000fff6b000, 0x0000000100000000| 41%|CA|  |TAMS 0x00000000fff6b000, 0x00000000fff00000| Untracked 

Card table byte_map: [0x00007f30c6bb2000,0x00007f30c6f87000] _byte_map_base: 0x00007f30c6787000

Marking Bits (Prev, Next): (CMBitMap*) 0x00007f30c005a140, (CMBitMap*) 0x00007f30c005a108
 Prev Bits: [0x00007f30a2158000, 0x00007f30a4000000)
 Next Bits: [0x00007f30c4935000, 0x00007f30c67dd000)

Polling page: 0x00007f30c93e7000

Metaspace:

Usage:
  Non-class:     19,33 MB capacity,    18,71 MB ( 97%) used,   525,03 KB (  3%) free+waste,   115,25 KB ( <1%) overhead. 
      Class:      3,39 MB capacity,     2,94 MB ( 87%) used,   399,81 KB ( 12%) free+waste,    60,50 KB (  2%) overhead. 
       Both:     22,72 MB capacity,    21,65 MB ( 95%) used,   924,84 KB (  4%) free+waste,   175,75 KB ( <1%) overhead. 

Virtual space:
  Non-class space:       20,00 MB reserved,      19,42 MB ( 97%) committed 
      Class space:        1,00 GB reserved,       3,50 MB ( <1%) committed 
             Both:        1,02 GB reserved,      22,92 MB (  2%) committed 

Chunk freelists:
   Non-Class:  0 bytes
       Class:  14,00 KB
        Both:  14,00 KB

MaxMetaspaceSize: unlimited
CompressedClassSpaceSize: 1,00 GB
Initial GC threshold: 20,80 MB
Current GC threshold: 35,08 MB
CDS: on

CodeHeap 'non-profiled nmethods': size=238948Kb used=5409Kb max_used=5409Kb free=233538Kb
 bounds [0x00007f30a8eb8000, 0x00007f30a9408000, 0x00007f30b7811000]
CodeHeap 'non-nmethods': size=6812Kb used=1223Kb max_used=1223Kb free=5589Kb
 bounds [0x00007f30a8811000, 0x00007f30a8a81000, 0x00007f30a8eb8000]
 total_blobs=3963 nmethods=3459 adapters=431
 compilation: enabled
              stopped_count=0, restarted_count=0
 full_count=0

Compilation events (20 events):
Event: 17,110 Thread 0x00007f30c0186800 3449       1       java.beans.FeatureDescriptor::setName (6 bytes)
Event: 17,110 Thread 0x00007f30c0186800 nmethod 3449 0x00007f30a93fd010 code [0x00007f30a93fd1c0, 0x00007f30a93fd2d0]
Event: 17,110 Thread 0x00007f30c0186800 3452       1       java.util.StringJoiner::compactElts (93 bytes)
Event: 17,110 Thread 0x00007f30c0186800 nmethod 3452 0x00007f30a93fd310 code [0x00007f30a93fd520, 0x00007f30a93fdad0]
Event: 17,110 Thread 0x00007f30c0186800 3451       1       java.util.StringJoiner::<init> (10 bytes)
Event: 17,110 Thread 0x00007f30c0186800 nmethod 3451 0x00007f30a93fdf10 code [0x00007f30a93fe0c0, 0x00007f30a93fe1c0]
Event: 17,111 Thread 0x00007f30c0186800 3453       1       java.lang.reflect.Method::getTypeParameters (20 bytes)
Event: 17,111 Thread 0x00007f30c0186800 nmethod 3453 0x00007f30a93fe290 code [0x00007f30a93fe480, 0x00007f30a93fea60]
Event: 17,111 Thread 0x00007f30c0186800 3454       1       java.util.Hashtable::addEntry (87 bytes)
Event: 17,112 Thread 0x00007f30c0186800 nmethod 3454 0x00007f30a93fec90 code [0x00007f30a93fee80, 0x00007f30a93ff2f0]
Event: 17,112 Thread 0x00007f30c0186800 3455       1       java.util.Hashtable$Entry::<init> (26 bytes)
Event: 17,112 Thread 0x00007f30c0186800 nmethod 3455 0x00007f30a93ff490 code [0x00007f30a93ff640, 0x00007f30a93ff830]
Event: 17,112 Thread 0x00007f30c0186800 3457       1       java.lang.invoke.DirectMethodHandle$Holder::invokeStatic (14 bytes)
Event: 17,112 Thread 0x00007f30c0186800 nmethod 3457 0x00007f30a93ff890 code [0x00007f30a93ffa40, 0x00007f30a93ffb50]
Event: 17,112 Thread 0x00007f30c0186800 3458       1       java.beans.FeatureDescriptor::getWeakReference (17 bytes)
Event: 17,112 Thread 0x00007f30c0186800 nmethod 3458 0x00007f30a93ffc10 code [0x00007f30a93ffdc0, 0x00007f30a93fffb0]
Event: 17,112 Thread 0x00007f30c0186800 3456       1       java.lang.reflect.Modifier::methodModifiers (4 bytes)
Event: 17,112 Thread 0x00007f30c0186800 nmethod 3456 0x00007f30a9400010 code [0x00007f30a94001c0, 0x00007f30a9400250]
Event: 17,116 Thread 0x00007f30c0186800 3459       1       com.sun.beans.util.Cache$Kind$Soft::getReferent (5 bytes)
Event: 17,116 Thread 0x00007f30c0186800 nmethod 3459 0x00007f30a9400310 code [0x00007f30a94004c0, 0x00007f30a94005d0]

GC Heap History (12 events):
Event: 4,156 GC heap before
{Heap before GC invocations=0 (full 0):
 garbage-first heap   total 129024K, used 15052K [0x0000000085600000, 0x0000000100000000)
  region size 1024K, 14 young (14336K), 0 survivors (0K)
 Metaspace       used 5587K, capacity 5883K, committed 6016K, reserved 1056768K
  class space    used 680K, capacity 773K, committed 896K, reserved 1048576K
}
Event: 4,211 GC heap after
{Heap after GC invocations=1 (full 0):
 garbage-first heap   total 129024K, used 7226K [0x0000000085600000, 0x0000000100000000)
  region size 1024K, 2 young (2048K), 2 survivors (2048K)
 Metaspace       used 5587K, capacity 5883K, committed 6016K, reserved 1056768K
  class space    used 680K, capacity 773K, committed 896K, reserved 1048576K
}
Event: 4,656 GC heap before
{Heap before GC invocations=1 (full 0):
 garbage-first heap   total 129024K, used 11322K [0x0000000085600000, 0x0000000100000000)
  region size 1024K, 6 young (6144K), 2 survivors (2048K)
 Metaspace       used 6151K, capacity 6540K, committed 6784K, reserved 1056768K
  class space    used 751K, capacity 887K, committed 896K, reserved 1048576K
}
Event: 4,697 GC heap after
{Heap after GC invocations=2 (full 0):
 garbage-first heap   total 129024K, used 7498K [0x0000000085600000, 0x0000000100000000)
  region size 1024K, 1 young (1024K), 1 survivors (1024K)
 Metaspace       used 6151K, capacity 6540K, committed 6784K, reserved 1056768K
  class space    used 751K, capacity 887K, committed 896K, reserved 1048576K
}
Event: 5,689 GC heap before
{Heap before GC invocations=2 (full 0):
 garbage-first heap   total 129024K, used 23882K [0x0000000085600000, 0x0000000100000000)
  region size 1024K, 17 young (17408K), 1 survivors (1024K)
 Metaspace       used 8404K, capacity 9007K, committed 9216K, reserved 1056768K
  class space    used 1072K, capacity 1280K, committed 1280K, reserved 1048576K
}
Event: 5,706 GC heap after
{Heap after GC invocations=3 (full 0):
 garbage-first heap   total 129024K, used 8440K [0x0000000085600000, 0x0000000100000000)
  region size 1024K, 2 young (2048K), 2 survivors (2048K)
 Metaspace       used 8404K, capacity 9007K, committed 9216K, reserved 1056768K
  class space    used 1072K, capacity 1280K, committed 1280K, reserved 1048576K
}
Event: 8,402 GC heap before
{Heap before GC invocations=3 (full 0):
 garbage-first heap   total 129024K, used 56568K [0x0000000085600000, 0x0000000100000000)
  region size 1024K, 50 young (51200K), 2 survivors (2048K)
 Metaspace       used 14915K, capacity 15735K, committed 15872K, reserved 1062912K
  class space    used 1973K, capacity 2300K, committed 2304K, reserved 1048576K
}
Event: 8,422 GC heap after
{Heap after GC invocations=4 (full 0):
 garbage-first heap   total 129024K, used 10328K [0x0000000085600000, 0x0000000100000000)
  region size 1024K, 3 young (3072K), 3 survivors (3072K)
 Metaspace       used 14915K, capacity 15735K, committed 15872K, reserved 1062912K
  class space    used 1973K, capacity 2300K, committed 2304K, reserved 1048576K
}
Event: 12,510 GC heap before
{Heap before GC invocations=4 (full 0):
 garbage-first heap   total 129024K, used 83032K [0x0000000085600000, 0x0000000100000000)
  region size 1024K, 74 young (75776K), 3 survivors (3072K)
 Metaspace       used 19352K, capacity 20464K, committed 20736K, reserved 1067008K
  class space    used 2593K, capacity 3025K, committed 3072K, reserved 1048576K
}
Event: 12,525 GC heap after
{Heap after GC invocations=5 (full 0):
 garbage-first heap   total 155648K, used 12834K [0x0000000085600000, 0x0000000100000000)
  region size 1024K, 6 young (6144K), 6 survivors (6144K)
 Metaspace       used 19352K, capacity 20464K, committed 20736K, reserved 1067008K
  class space    used 2593K, capacity 3025K, committed 3072K, reserved 1048576K
}
Event: 13,749 GC heap before
{Heap before GC invocations=5 (full 0):
 garbage-first heap   total 155648K, used 24098K [0x0000000085600000, 0x0000000100000000)
  region size 1024K, 18 young (18432K), 6 survivors (6144K)
 Metaspace       used 20122K, capacity 21211K, committed 21296K, reserved 1067008K
  class space    used 2702K, capacity 3140K, committed 3200K, reserved 1048576K
}
Event: 13,766 GC heap after
{Heap after GC invocations=6 (full 0):
 garbage-first heap   total 155648K, used 13434K [0x0000000085600000, 0x0000000100000000)
  region size 1024K, 6 young (6144K), 6 survivors (6144K)
 Metaspace       used 20122K, capacity 21211K, committed 21296K, reserved 1067008K
  class space    used 2702K, capacity 3140K, committed 3200K, reserved 1048576K
}

Deoptimization events (2 events):
Event: 11,701 Thread 0x00007f3048008000 DEOPT PACKING pc=0x00007f30a91fe394 sp=0x00007f308a1058c0
Event: 11,701 Thread 0x00007f3048008000 DEOPT UNPACKING pc=0x00007f30a885b64a sp=0x00007f308a104e48 mode 0

Classes redefined (0 events):
No events

Internal exceptions (20 events):
Event: 16,096 Thread 0x00007f3048008000 Exception <a 'java/lang/NoClassDefFoundError'{0x000000008cdfeb80}: org/springframework/batch/core/repository/JobRepository> (0x000000008cdfeb80) thrown at [./src/hotspot/share/classfile/systemDictionary.cpp, line 219]
Event: 16,096 Thread 0x00007f3048008000 Exception <a 'java/lang/NoClassDefFoundError'{0x000000008cc056a0}: org/quartz/Scheduler> (0x000000008cc056a0) thrown at [./src/hotspot/share/classfile/systemDictionary.cpp, line 219]
Event: 16,096 Thread 0x00007f3048008000 Exception <a 'java/lang/NoClassDefFoundError'{0x000000008cc0e900}: org/springframework/session/jdbc/JdbcIndexedSessionRepository> (0x000000008cc0e900) thrown at [./src/hotspot/share/classfile/systemDictionary.cpp, line 219]
Event: 17,095 Thread 0x00007f3048008000 Exception <a 'java/lang/NoSuchMethodError'{0x000000008ca3f898}: 'void java.lang.invoke.DirectMethodHandle$Holder.invokeSpecial(java.lang.Object, java.lang.Object, java.lang.Object, java.lang.Object, java.lang.Object, java.lang.Object)'> (0x000000008ca3f898) thrown at [./src/hotspot/share/interpreter/linkResolver.cpp, line 772]
Event: 17,103 Thread 0x00007f3048008000 Exception <a 'java/lang/ClassNotFoundException'{0x000000008ca8ac80}: java/lang/ObjectCustomizer> (0x000000008ca8ac80) thrown at [./src/hotspot/share/classfile/systemDictionary.cpp, line 230]
Event: 17,104 Thread 0x00007f3048008000 Exception <a 'java/lang/ClassNotFoundException'{0x000000008caa1138}: org/springframework/aop/framework/ProxyConfigCustomizer> (0x000000008caa1138) thrown at [./src/hotspot/share/classfile/systemDictionary.cpp, line 230]
Event: 17,105 Thread 0x00007f3048008000 Exception <a 'java/lang/ClassNotFoundException'{0x000000008cabd010}: org/springframework/aop/framework/ProxyProcessorSupportCustomizer> (0x000000008cabd010) thrown at [./src/hotspot/share/classfile/systemDictionary.cpp, line 230]
Event: 17,106 Thread 0x00007f3048008000 Exception <a 'java/lang/ClassNotFoundException'{0x000000008cad7e48}: org/springframework/aop/framework/autoproxy/AbstractAutoProxyCreatorCustomizer> (0x000000008cad7e48) thrown at [./src/hotspot/share/classfile/systemDictionary.cpp, line 230]
Event: 17,109 Thread 0x00007f3048008000 Exception <a 'java/lang/ClassNotFoundException'{0x000000008caffa10}: org/springframework/aop/framework/autoproxy/AbstractAdvisorAutoProxyCreatorCustomizer> (0x000000008caffa10) thrown at [./src/hotspot/share/classfile/systemDictionary.cpp, line 230]
Event: 17,110 Thread 0x00007f3048008000 Exception <a 'java/lang/ClassNotFoundException'{0x000000008c91bd20}: org/springframework/aop/aspectj/autoproxy/AspectJAwareAdvisorAutoProxyCreatorCustomizer> (0x000000008c91bd20) thrown at [./src/hotspot/share/classfile/systemDictionary.cpp, line 230]
Event: 17,110 Thread 0x00007f3048008000 Exception <a 'java/lang/ClassNotFoundException'{0x000000008c936cb8}: org/springframework/aop/aspectj/annotation/AnnotationAwareAspectJAutoProxyCreatorCustomizer> (0x000000008c936cb8) thrown at [./src/hotspot/share/classfile/systemDictionary.cpp, line 230]
Event: 17,112 Thread 0x00007f3048008000 Exception <a 'java/lang/ClassNotFoundException'{0x000000008c962c68}: org/springframework/beans/factory/config/SmartInstantiationAwareBeanPostProcessorCustomizer> (0x000000008c962c68) thrown at [./src/hotspot/share/classfile/systemDictionary.cpp, line 230]
Event: 17,113 Thread 0x00007f3048008000 Exception <a 'java/lang/ClassNotFoundException'{0x000000008c97e548}: org/springframework/beans/factory/config/InstantiationAwareBeanPostProcessorCustomizer> (0x000000008c97e548) thrown at [./src/hotspot/share/classfile/systemDictionary.cpp, line 230]
Event: 17,113 Thread 0x00007f3048008000 Exception <a 'java/lang/ClassNotFoundException'{0x000000008c9971f0}: org/springframework/beans/factory/config/BeanPostProcessorCustomizer> (0x000000008c9971f0) thrown at [./src/hotspot/share/classfile/systemDictionary.cpp, line 230]
Event: 17,114 Thread 0x00007f3048008000 Exception <a 'java/lang/ClassNotFoundException'{0x000000008c9ac608}: org/springframework/beans/factory/BeanFactoryAwareCustomizer> (0x000000008c9ac608) thrown at [./src/hotspot/share/classfile/systemDictionary.cpp, line 230]
Event: 17,114 Thread 0x00007f3048008000 Exception <a 'java/lang/ClassNotFoundException'{0x000000008c9bfba8}: org/springframework/beans/factory/AwareCustomizer> (0x000000008c9bfba8) thrown at [./src/hotspot/share/classfile/systemDictionary.cpp, line 230]
Event: 17,115 Thread 0x00007f3048008000 Exception <a 'java/lang/ClassNotFoundException'{0x000000008c9d0bc0}: org/springframework/core/OrderedCustomizer> (0x000000008c9d0bc0) thrown at [./src/hotspot/share/classfile/systemDictionary.cpp, line 230]
Event: 17,115 Thread 0x00007f3048008000 Exception <a 'java/lang/ClassNotFoundException'{0x000000008c9e5c70}: org/springframework/beans/factory/BeanClassLoaderAwareCustomizer> (0x000000008c9e5c70) thrown at [./src/hotspot/share/classfile/systemDictionary.cpp, line 230]
Event: 17,116 Thread 0x00007f3048008000 Exception <a 'java/lang/ClassNotFoundException'{0x000000008c9f88e0}: org/springframework/beans/factory/AwareCustomizer> (0x000000008c9f88e0) thrown at [./src/hotspot/share/classfile/systemDictionary.cpp, line 230]
Event: 17,116 Thread 0x00007f3048008000 Exception <a 'java/lang/ClassNotFoundException'{0x000000008c80d328}: org/springframework/aop/framework/AopInfrastructureBeanCustomizer> (0x000000008c80d328) thrown at [./src/hotspot/share/classfile/systemDictionary.cpp, line 230]

Events (20 events):
Event: 17,116 loading class org/springframework/aop/framework/AopInfrastructureBeanCustomizer
Event: 17,116 loading class org/springframework/aop/framework/AopInfrastructureBeanCustomizer done
Event: 17,116 loading class org/springframework/aop/framework/AopInfrastructureBeanCustomizer
Event: 17,116 loading class org/springframework/aop/framework/AopInfrastructureBeanCustomizer done
Event: 17,116 loading class org/springframework/core/convert/support/NumberToNumberConverterFactory$NumberToNumber
Event: 17,116 loading class org/springframework/core/convert/support/NumberToNumberConverterFactory$NumberToNumber done
Event: 17,117 loading class org/springframework/aop/framework/autoproxy/AbstractAdvisorAutoProxyCreator$BeanFactoryAdvisorRetrievalHelperAdapter
Event: 17,117 loading class org/springframework/aop/framework/autoproxy/AbstractAdvisorAutoProxyCreator$BeanFactoryAdvisorRetrievalHelperAdapter done
Event: 17,117 loading class org/springframework/aop/aspectj/annotation/ReflectiveAspectJAdvisorFactory
Event: 17,117 loading class org/springframework/aop/aspectj/annotation/ReflectiveAspectJAdvisorFactory done
Event: 17,130 loading class org/springframework/aop/aspectj/annotation/AbstractAspectJAdvisorFactory
Event: 17,130 loading class org/springframework/aop/aspectj/annotation/AbstractAspectJAdvisorFactory done
Event: 17,144 loading class org/aspectj/lang/annotation/Pointcut
Event: 17,144 loading class org/aspectj/lang/annotation/Pointcut done
Event: 17,174 loading class org/aspectj/lang/annotation/Around
Event: 17,174 loading class org/aspectj/lang/annotation/Around done
Event: 17,196 loading class org/aspectj/lang/annotation/Before
Event: 17,196 loading class org/aspectj/lang/annotation/Before done
Event: 17,266 loading class org/aspectj/lang/annotation/After
Event: 17,266 loading class org/aspectj/lang/annotation/After done


Dynamic libraries:
85600000-8ec00000 rw-p 00000000 00:00 0 
8ec00000-ffe00000 ---p 00000000 00:00 0 
ffe00000-ffe48000 rw-p 00b0a000 08:02 6952467                            /usr/lib/jvm/java-11-openjdk-amd64/lib/server/classes.jsa
ffe48000-fff00000 rw-p 00000000 00:00 0 
fff00000-fff6b000 rw-p 00a9f000 08:02 6952467                            /usr/lib/jvm/java-11-openjdk-amd64/lib/server/classes.jsa
fff6b000-100000000 rw-p 00000000 00:00 0 
800000000-800002000 rwxp 00001000 08:02 6952467                          /usr/lib/jvm/java-11-openjdk-amd64/lib/server/classes.jsa
800002000-8003cc000 rw-p 00003000 08:02 6952467                          /usr/lib/jvm/java-11-openjdk-amd64/lib/server/classes.jsa
8003cc000-800a9d000 r--p 003cd000 08:02 6952467                          /usr/lib/jvm/java-11-openjdk-amd64/lib/server/classes.jsa
800a9d000-800a9e000 rw-p 00a9e000 08:02 6952467                          /usr/lib/jvm/java-11-openjdk-amd64/lib/server/classes.jsa
840000000-840380000 rw-p 00000000 00:00 0 
840380000-880000000 ---p 00000000 00:00 0 
55bc4c059000-55bc4c05a000 r--p 00000000 08:02 6295257                    /usr/lib/jvm/java-11-openjdk-amd64/bin/java
55bc4c05a000-55bc4c05b000 r-xp 00001000 08:02 6295257                    /usr/lib/jvm/java-11-openjdk-amd64/bin/java
55bc4c05b000-55bc4c05c000 r--p 00002000 08:02 6295257                    /usr/lib/jvm/java-11-openjdk-amd64/bin/java
55bc4c05c000-55bc4c05d000 r--p 00002000 08:02 6295257                    /usr/lib/jvm/java-11-openjdk-amd64/bin/java
55bc4c05d000-55bc4c05e000 rw-p 00003000 08:02 6295257                    /usr/lib/jvm/java-11-openjdk-amd64/bin/java
55bc4c12f000-55bc4c150000 rw-p 00000000 00:00 0                          [heap]
7f3024000000-7f3024021000 rw-p 00000000 00:00 0 
7f3024021000-7f3028000000 ---p 00000000 00:00 0 
7f302c000000-7f302c155000 rw-p 00000000 00:00 0 
7f302c155000-7f3030000000 ---p 00000000 00:00 0 
7f3030000000-7f303002e000 rw-p 00000000 00:00 0 
7f303002e000-7f3034000000 ---p 00000000 00:00 0 
7f3034000000-7f3034021000 rw-p 00000000 00:00 0 
7f3034021000-7f3038000000 ---p 00000000 00:00 0 
7f3038000000-7f3038021000 rw-p 00000000 00:00 0 
7f3038021000-7f303c000000 ---p 00000000 00:00 0 
7f303c000000-7f303c635000 rw-p 00000000 00:00 0 
7f303c635000-7f3040000000 ---p 00000000 00:00 0 
7f3040000000-7f3040021000 rw-p 00000000 00:00 0 
7f3040021000-7f3044000000 ---p 00000000 00:00 0 
7f3044000000-7f3044021000 rw-p 00000000 00:00 0 
7f3044021000-7f3048000000 ---p 00000000 00:00 0 
7f3048000000-7f3048021000 rw-p 00000000 00:00 0 
7f3048021000-7f304c000000 ---p 00000000 00:00 0 
7f304c000000-7f304c025000 rw-p 00000000 00:00 0 
7f304c025000-7f3050000000 ---p 00000000 00:00 0 
7f3050000000-7f3050034000 rw-p 00000000 00:00 0 
7f3050034000-7f3054000000 ---p 00000000 00:00 0 
7f3054000000-7f3054021000 rw-p 00000000 00:00 0 
7f3054021000-7f3058000000 ---p 00000000 00:00 0 
7f3058000000-7f3058021000 rw-p 00000000 00:00 0 
7f3058021000-7f305c000000 ---p 00000000 00:00 0 
7f305c000000-7f305c021000 rw-p 00000000 00:00 0 
7f305c021000-7f3060000000 ---p 00000000 00:00 0 
7f3060000000-7f3060021000 rw-p 00000000 00:00 0 
7f3060021000-7f3064000000 ---p 00000000 00:00 0 
7f3064000000-7f3064021000 rw-p 00000000 00:00 0 
7f3064021000-7f3068000000 ---p 00000000 00:00 0 
7f3068000000-7f3068021000 rw-p 00000000 00:00 0 
7f3068021000-7f306c000000 ---p 00000000 00:00 0 
7f306c000000-7f306c021000 rw-p 00000000 00:00 0 
7f306c021000-7f3070000000 ---p 00000000 00:00 0 
7f3070000000-7f3070021000 rw-p 00000000 00:00 0 
7f3070021000-7f3074000000 ---p 00000000 00:00 0 
7f3074000000-7f3074021000 rw-p 00000000 00:00 0 
7f3074021000-7f3078000000 ---p 00000000 00:00 0 
7f3078000000-7f30783d5000 rw-p 00000000 00:00 0 
7f30783d5000-7f307c000000 ---p 00000000 00:00 0 
7f307c000000-7f307c021000 rw-p 00000000 00:00 0 
7f307c021000-7f3080000000 ---p 00000000 00:00 0 
7f3080000000-7f3080021000 rw-p 00000000 00:00 0 
7f3080021000-7f3084000000 ---p 00000000 00:00 0 
7f3084000000-7f3084021000 rw-p 00000000 00:00 0 
7f3084021000-7f3088000000 ---p 00000000 00:00 0 
7f3088d07000-7f3088d0b000 ---p 00000000 00:00 0 
7f3088d0b000-7f3088f87000 rw-p 00000000 00:00 0 
7f3088f87000-7f3089007000 ---p 00000000 00:00 0 
7f3089007000-7f308900b000 ---p 00000000 00:00 0 
7f308900b000-7f30892f3000 rw-p 00000000 00:00 0 
7f30892f3000-7f3089307000 ---p 00000000 00:00 0 
7f3089307000-7f3089507000 rw-p 00000000 00:00 0 
7f3089507000-7f3089707000 rw-p 00000000 00:00 0 
7f3089707000-7f308970b000 ---p 00000000 00:00 0 
7f308970b000-7f3089a07000 rw-p 00000000 00:00 0 
7f3089a07000-7f3089a0b000 ---p 00000000 00:00 0 
7f3089a0b000-7f3089b07000 rw-p 00000000 00:00 0 
7f3089b07000-7f3089b0b000 ---p 00000000 00:00 0 
7f3089b0b000-7f3089e07000 rw-p 00000000 00:00 0 
7f3089e07000-7f3089e08000 ---p 00000000 00:00 0 
7f3089e08000-7f3089f09000 rw-p 00000000 00:00 0 
7f3089f09000-7f3089f0d000 ---p 00000000 00:00 0 
7f3089f0d000-7f308a009000 rw-p 00000000 00:00 0 
7f308a009000-7f308a00d000 ---p 00000000 00:00 0 
7f308a00d000-7f308a109000 rw-p 00000000 00:00 0 
7f308a109000-7f308a10d000 ---p 00000000 00:00 0 
7f308a10d000-7f308a209000 rw-p 00000000 00:00 0 
7f308a209000-7f308a20d000 ---p 00000000 00:00 0 
7f308a20d000-7f308a309000 rw-p 00000000 00:00 0 
7f308a309000-7f308a30d000 ---p 00000000 00:00 0 
7f308a30d000-7f308a409000 rw-p 00000000 00:00 0 
7f308a409000-7f308a40d000 ---p 00000000 00:00 0 
7f308a40d000-7f308a509000 rw-p 00000000 00:00 0 
7f308a509000-7f308a50a000 ---p 00000000 00:00 0 
7f308a50a000-7f308a60b000 rw-p 00000000 00:00 0 
7f308a60b000-7f308a60c000 ---p 00000000 00:00 0 
7f308a60c000-7f308a70d000 rw-p 00000000 00:00 0 
7f308a70d000-7f308a70e000 ---p 00000000 00:00 0 
7f308a70e000-7f308a80f000 rw-p 00000000 00:00 0 
7f308a80f000-7f308a816000 r--s 00000000 08:02 6689098                    /usr/lib/x86_64-linux-gnu/gconv/gconv-modules.cache
7f308a816000-7f308a817000 ---p 00000000 00:00 0 
7f308a817000-7f308a918000 rw-p 00000000 00:00 0 
7f308a918000-7f308a91c000 ---p 00000000 00:00 0 
7f308a91c000-7f308aa18000 rw-p 00000000 00:00 0 
7f308aa18000-7f308aa1c000 ---p 00000000 00:00 0 
7f308aa1c000-7f308ab18000 rw-p 00000000 00:00 0 
7f308ab18000-7f308ab1c000 ---p 00000000 00:00 0 
7f308ab1c000-7f308ac18000 rw-p 00000000 00:00 0 
7f308ac18000-7f308ac1c000 ---p 00000000 00:00 0 
7f308ac1c000-7f308ad18000 rw-p 00000000 00:00 0 
7f308ad18000-7f308ad1c000 ---p 00000000 00:00 0 
7f308ad1c000-7f308ae18000 rw-p 00000000 00:00 0 
7f308ae18000-7f308ae1c000 ---p 00000000 00:00 0 
7f308ae1c000-7f308af18000 rw-p 00000000 00:00 0 
7f308af18000-7f308af1c000 ---p 00000000 00:00 0 
7f308af1c000-7f308b018000 rw-p 00000000 00:00 0 
7f308b018000-7f308be00000 r--p 00000000 08:02 6034718                    /usr/lib/locale/locale-archive
7f308be00000-7f308be04000 ---p 00000000 00:00 0 
7f308be04000-7f308bf00000 rw-p 00000000 00:00 0 
7f308bf00000-7f308bf04000 ---p 00000000 00:00 0 
7f308bf04000-7f308c000000 rw-p 00000000 00:00 0 
7f308c000000-7f308c021000 rw-p 00000000 00:00 0 
7f308c021000-7f3090000000 ---p 00000000 00:00 0 
7f3090000000-7f3090022000 rw-p 00000000 00:00 0 
7f3090022000-7f3094000000 ---p 00000000 00:00 0 
7f3094000000-7f3094021000 rw-p 00000000 00:00 0 
7f3094021000-7f3098000000 ---p 00000000 00:00 0 
7f3098000000-7f3098021000 rw-p 00000000 00:00 0 
7f3098021000-7f309c000000 ---p 00000000 00:00 0 
7f309c000000-7f309c021000 rw-p 00000000 00:00 0 
7f309c021000-7f30a0000000 ---p 00000000 00:00 0 
7f30a0005000-7f30a002a000 r--p 00000000 08:02 8784936                    /usr/share/locale-langpack/fr/LC_MESSAGES/libc.mo
7f30a002a000-7f30a002e000 r--p 00000000 08:02 6953904                    /usr/lib/jvm/java-11-openjdk-amd64/lib/libnet.so
7f30a002e000-7f30a003c000 r-xp 00004000 08:02 6953904                    /usr/lib/jvm/java-11-openjdk-amd64/lib/libnet.so
7f30a003c000-7f30a0040000 r--p 00012000 08:02 6953904                    /usr/lib/jvm/java-11-openjdk-amd64/lib/libnet.so
7f30a0040000-7f30a0041000 r--p 00015000 08:02 6953904                    /usr/lib/jvm/java-11-openjdk-amd64/lib/libnet.so
7f30a0041000-7f30a0042000 rw-p 00016000 08:02 6953904                    /usr/lib/jvm/java-11-openjdk-amd64/lib/libnet.so
7f30a0042000-7f30a0049000 r--p 00000000 08:02 6953906                    /usr/lib/jvm/java-11-openjdk-amd64/lib/libnio.so
7f30a0049000-7f30a0051000 r-xp 00007000 08:02 6953906                    /usr/lib/jvm/java-11-openjdk-amd64/lib/libnio.so
7f30a0051000-7f30a0054000 r--p 0000f000 08:02 6953906                    /usr/lib/jvm/java-11-openjdk-amd64/lib/libnio.so
7f30a0054000-7f30a0055000 r--p 00011000 08:02 6953906                    /usr/lib/jvm/java-11-openjdk-amd64/lib/libnio.so
7f30a0055000-7f30a0056000 rw-p 00012000 08:02 6953906                    /usr/lib/jvm/java-11-openjdk-amd64/lib/libnio.so
7f30a0056000-7f30a0057000 ---p 00000000 00:00 0 
7f30a0057000-7f30a23b0000 rw-p 00000000 00:00 0 
7f30a23b0000-7f30a3ff8000 ---p 00000000 00:00 0 
7f30a3ff8000-7f30a4000000 rw-p 00000000 00:00 0 
7f30a4000000-7f30a4021000 rw-p 00000000 00:00 0 
7f30a4021000-7f30a8000000 ---p 00000000 00:00 0 
7f30a8001000-7f30a8003000 r--p 00000000 08:02 6953852                    /usr/lib/jvm/java-11-openjdk-amd64/lib/libmanagement_ext.so
7f30a8003000-7f30a8006000 r-xp 00002000 08:02 6953852                    /usr/lib/jvm/java-11-openjdk-amd64/lib/libmanagement_ext.so
7f30a8006000-7f30a8008000 r--p 00005000 08:02 6953852                    /usr/lib/jvm/java-11-openjdk-amd64/lib/libmanagement_ext.so
7f30a8008000-7f30a8009000 r--p 00006000 08:02 6953852                    /usr/lib/jvm/java-11-openjdk-amd64/lib/libmanagement_ext.so
7f30a8009000-7f30a800a000 rw-p 00007000 08:02 6953852                    /usr/lib/jvm/java-11-openjdk-amd64/lib/libmanagement_ext.so
7f30a800a000-7f30a800d000 r--p 00000000 08:02 6952707                    /usr/lib/jvm/java-11-openjdk-amd64/lib/libmanagement.so
7f30a800d000-7f30a800e000 r-xp 00003000 08:02 6952707                    /usr/lib/jvm/java-11-openjdk-amd64/lib/libmanagement.so
7f30a800e000-7f30a800f000 r--p 00004000 08:02 6952707                    /usr/lib/jvm/java-11-openjdk-amd64/lib/libmanagement.so
7f30a800f000-7f30a8010000 r--p 00004000 08:02 6952707                    /usr/lib/jvm/java-11-openjdk-amd64/lib/libmanagement.so
7f30a8010000-7f30a8011000 rw-p 00005000 08:02 6952707                    /usr/lib/jvm/java-11-openjdk-amd64/lib/libmanagement.so
7f30a8011000-7f30a8811000 rw-p 00000000 00:00 0 
7f30a8811000-7f30a8a81000 rwxp 00000000 00:00 0 
7f30a8a81000-7f30a8eb8000 ---p 00000000 00:00 0 
7f30a8eb8000-7f30a9408000 rwxp 00000000 00:00 0 
7f30a9408000-7f30b7811000 ---p 00000000 00:00 0 
7f30b7811000-7f30c0000000 r--s 00000000 08:02 6953924                    /usr/lib/jvm/java-11-openjdk-amd64/lib/modules
7f30c0000000-7f30c0713000 rw-p 00000000 00:00 0 
7f30c0713000-7f30c4000000 ---p 00000000 00:00 0 
7f30c4006000-7f30c4007000 r--p 00000000 08:02 6952693                    /usr/lib/jvm/java-11-openjdk-amd64/lib/libextnet.so
7f30c4007000-7f30c4008000 r-xp 00001000 08:02 6952693                    /usr/lib/jvm/java-11-openjdk-amd64/lib/libextnet.so
7f30c4008000-7f30c4009000 r--p 00002000 08:02 6952693                    /usr/lib/jvm/java-11-openjdk-amd64/lib/libextnet.so
7f30c4009000-7f30c400a000 r--p 00002000 08:02 6952693                    /usr/lib/jvm/java-11-openjdk-amd64/lib/libextnet.so
7f30c400a000-7f30c400b000 rw-p 00003000 08:02 6952693                    /usr/lib/jvm/java-11-openjdk-amd64/lib/libextnet.so
7f30c400b000-7f30c40e7000 rw-p 00000000 00:00 0 
7f30c40e7000-7f30c40e8000 ---p 00000000 00:00 0 
7f30c40e8000-7f30c41e9000 rw-p 00000000 00:00 0 
7f30c41e9000-7f30c41ea000 ---p 00000000 00:00 0 
7f30c41ea000-7f30c46ef000 rw-p 00000000 00:00 0 
7f30c46ef000-7f30c46f0000 ---p 00000000 00:00 0 
7f30c46f0000-7f30c47f1000 rw-p 00000000 00:00 0 
7f30c47f1000-7f30c47f2000 ---p 00000000 00:00 0 
7f30c47f2000-7f30c4b8d000 rw-p 00000000 00:00 0 
7f30c4b8d000-7f30c67d5000 ---p 00000000 00:00 0 
7f30c67d5000-7f30c6828000 rw-p 00000000 00:00 0 
7f30c6828000-7f30c6bb1000 ---p 00000000 00:00 0 
7f30c6bb1000-7f30c6bfd000 rw-p 00000000 00:00 0 
7f30c6bfd000-7f30c6f86000 ---p 00000000 00:00 0 
7f30c6f86000-7f30c6fd2000 rw-p 00000000 00:00 0 
7f30c6fd2000-7f30c735b000 ---p 00000000 00:00 0 
7f30c735b000-7f30c7760000 rw-p 00000000 00:00 0 
7f30c7760000-7f30c7761000 ---p 00000000 00:00 0 
7f30c7761000-7f30c786d000 rw-p 00000000 00:00 0 
7f30c786d000-7f30c7a35000 ---p 00000000 00:00 0 
7f30c7a35000-7f30c7a3a000 rw-p 00000000 00:00 0 
7f30c7a3a000-7f30c7a43000 ---p 00000000 00:00 0 
7f30c7a43000-7f30c7a45000 r--p 00000000 08:02 6953922                    /usr/lib/jvm/java-11-openjdk-amd64/lib/libzip.so
7f30c7a45000-7f30c7a4a000 r-xp 00002000 08:02 6953922                    /usr/lib/jvm/java-11-openjdk-amd64/lib/libzip.so
7f30c7a4a000-7f30c7a4c000 r--p 00007000 08:02 6953922                    /usr/lib/jvm/java-11-openjdk-amd64/lib/libzip.so
7f30c7a4c000-7f30c7a4d000 r--p 00008000 08:02 6953922                    /usr/lib/jvm/java-11-openjdk-amd64/lib/libzip.so
7f30c7a4d000-7f30c7a4e000 rw-p 00009000 08:02 6953922                    /usr/lib/jvm/java-11-openjdk-amd64/lib/libzip.so
7f30c7a4e000-7f30c7a56000 rw-s 00000000 08:02 2626910                    /tmp/hsperfdata_niass/42616
7f30c7a56000-7f30c7a58000 r--p 00000000 08:02 6952695                    /usr/lib/jvm/java-11-openjdk-amd64/lib/libinstrument.so
7f30c7a58000-7f30c7a5f000 r-xp 00002000 08:02 6952695                    /usr/lib/jvm/java-11-openjdk-amd64/lib/libinstrument.so
7f30c7a5f000-7f30c7a62000 r--p 00009000 08:02 6952695                    /usr/lib/jvm/java-11-openjdk-amd64/lib/libinstrument.so
7f30c7a62000-7f30c7a63000 r--p 0000b000 08:02 6952695                    /usr/lib/jvm/java-11-openjdk-amd64/lib/libinstrument.so
7f30c7a63000-7f30c7a64000 rw-p 0000c000 08:02 6952695                    /usr/lib/jvm/java-11-openjdk-amd64/lib/libinstrument.so
7f30c7a64000-7f30c7a71000 r--p 00000000 08:02 6952700                    /usr/lib/jvm/java-11-openjdk-amd64/lib/libjava.so
7f30c7a71000-7f30c7a87000 r-xp 0000d000 08:02 6952700                    /usr/lib/jvm/java-11-openjdk-amd64/lib/libjava.so
7f30c7a87000-7f30c7a8e000 r--p 00023000 08:02 6952700                    /usr/lib/jvm/java-11-openjdk-amd64/lib/libjava.so
7f30c7a8e000-7f30c7a8f000 r--p 00029000 08:02 6952700                    /usr/lib/jvm/java-11-openjdk-amd64/lib/libjava.so
7f30c7a8f000-7f30c7a90000 rw-p 0002a000 08:02 6952700                    /usr/lib/jvm/java-11-openjdk-amd64/lib/libjava.so
7f30c7a90000-7f30c7a91000 rw-p 00000000 00:00 0 
7f30c7a91000-7f30c7a96000 r--p 00000000 08:02 6953920                    /usr/lib/jvm/java-11-openjdk-amd64/lib/libverify.so
7f30c7a96000-7f30c7a9d000 r-xp 00005000 08:02 6953920                    /usr/lib/jvm/java-11-openjdk-amd64/lib/libverify.so
7f30c7a9d000-7f30c7a9f000 r--p 0000c000 08:02 6953920                    /usr/lib/jvm/java-11-openjdk-amd64/lib/libverify.so
7f30c7a9f000-7f30c7aa1000 r--p 0000d000 08:02 6953920                    /usr/lib/jvm/java-11-openjdk-amd64/lib/libverify.so
7f30c7aa1000-7f30c7aa2000 rw-p 0000f000 08:02 6953920                    /usr/lib/jvm/java-11-openjdk-amd64/lib/libverify.so
7f30c7aa2000-7f30c7aa3000 r--p 00000000 08:02 6036487                    /usr/lib/x86_64-linux-gnu/librt.so.1
7f30c7aa3000-7f30c7aa4000 r-xp 00001000 08:02 6036487                    /usr/lib/x86_64-linux-gnu/librt.so.1
7f30c7aa4000-7f30c7aa5000 r--p 00002000 08:02 6036487                    /usr/lib/x86_64-linux-gnu/librt.so.1
7f30c7aa5000-7f30c7aa6000 r--p 00002000 08:02 6036487                    /usr/lib/x86_64-linux-gnu/librt.so.1
7f30c7aa6000-7f30c7aa7000 rw-p 00003000 08:02 6036487                    /usr/lib/x86_64-linux-gnu/librt.so.1
7f30c7aa7000-7f30c7aab000 ---p 00000000 00:00 0 
7f30c7aab000-7f30c7ba7000 rw-p 00000000 00:00 0 
7f30c7ba7000-7f30c7baa000 r--p 00000000 08:02 6035810                    /usr/lib/x86_64-linux-gnu/libgcc_s.so.1
7f30c7baa000-7f30c7bc1000 r-xp 00003000 08:02 6035810                    /usr/lib/x86_64-linux-gnu/libgcc_s.so.1
7f30c7bc1000-7f30c7bc5000 r--p 0001a000 08:02 6035810                    /usr/lib/x86_64-linux-gnu/libgcc_s.so.1
7f30c7bc5000-7f30c7bc6000 r--p 0001d000 08:02 6035810                    /usr/lib/x86_64-linux-gnu/libgcc_s.so.1
7f30c7bc6000-7f30c7bc7000 rw-p 0001e000 08:02 6035810                    /usr/lib/x86_64-linux-gnu/libgcc_s.so.1
7f30c7bc7000-7f30c7bd5000 r--p 00000000 08:02 6036162                    /usr/lib/x86_64-linux-gnu/libm.so.6
7f30c7bd5000-7f30c7c51000 r-xp 0000e000 08:02 6036162                    /usr/lib/x86_64-linux-gnu/libm.so.6
7f30c7c51000-7f30c7cac000 r--p 0008a000 08:02 6036162                    /usr/lib/x86_64-linux-gnu/libm.so.6
7f30c7cac000-7f30c7cad000 r--p 000e4000 08:02 6036162                    /usr/lib/x86_64-linux-gnu/libm.so.6
7f30c7cad000-7f30c7cae000 rw-p 000e5000 08:02 6036162                    /usr/lib/x86_64-linux-gnu/libm.so.6
7f30c7cae000-7f30c7d48000 r--p 00000000 08:02 6036597                    /usr/lib/x86_64-linux-gnu/libstdc++.so.6.0.30
7f30c7d48000-7f30c7e59000 r-xp 0009a000 08:02 6036597                    /usr/lib/x86_64-linux-gnu/libstdc++.so.6.0.30
7f30c7e59000-7f30c7ec9000 r--p 001ab000 08:02 6036597                    /usr/lib/x86_64-linux-gnu/libstdc++.so.6.0.30
7f30c7ec9000-7f30c7ed4000 r--p 0021a000 08:02 6036597                    /usr/lib/x86_64-linux-gnu/libstdc++.so.6.0.30
7f30c7ed4000-7f30c7ed7000 rw-p 00225000 08:02 6036597                    /usr/lib/x86_64-linux-gnu/libstdc++.so.6.0.30
7f30c7ed7000-7f30c7eda000 rw-p 00000000 00:00 0 
7f30c7eda000-7f30c815c000 r--p 00000000 08:02 6953930                    /usr/lib/jvm/java-11-openjdk-amd64/lib/server/libjvm.so
7f30c815c000-7f30c8dee000 r-xp 00282000 08:02 6953930                    /usr/lib/jvm/java-11-openjdk-amd64/lib/server/libjvm.so
7f30c8dee000-7f30c9047000 r--p 00f14000 08:02 6953930                    /usr/lib/jvm/java-11-openjdk-amd64/lib/server/libjvm.so
7f30c9047000-7f30c910b000 r--p 0116c000 08:02 6953930                    /usr/lib/jvm/java-11-openjdk-amd64/lib/server/libjvm.so
7f30c910b000-7f30c9146000 rw-p 01230000 08:02 6953930                    /usr/lib/jvm/java-11-openjdk-amd64/lib/server/libjvm.so
7f30c9146000-7f30c919f000 rw-p 00000000 00:00 0 
7f30c919f000-7f30c91a1000 r--p 00000000 08:02 6036864                    /usr/lib/x86_64-linux-gnu/libz.so.1.2.11
7f30c91a1000-7f30c91b2000 r-xp 00002000 08:02 6036864                    /usr/lib/x86_64-linux-gnu/libz.so.1.2.11
7f30c91b2000-7f30c91b8000 r--p 00013000 08:02 6036864                    /usr/lib/x86_64-linux-gnu/libz.so.1.2.11
7f30c91b8000-7f30c91b9000 ---p 00019000 08:02 6036864                    /usr/lib/x86_64-linux-gnu/libz.so.1.2.11
7f30c91b9000-7f30c91ba000 r--p 00019000 08:02 6036864                    /usr/lib/x86_64-linux-gnu/libz.so.1.2.11
7f30c91ba000-7f30c91bb000 rw-p 0001a000 08:02 6036864                    /usr/lib/x86_64-linux-gnu/libz.so.1.2.11
7f30c91bb000-7f30c91e3000 r--p 00000000 08:02 6035511                    /usr/lib/x86_64-linux-gnu/libc.so.6
7f30c91e3000-7f30c9378000 r-xp 00028000 08:02 6035511                    /usr/lib/x86_64-linux-gnu/libc.so.6
7f30c9378000-7f30c93d0000 r--p 001bd000 08:02 6035511                    /usr/lib/x86_64-linux-gnu/libc.so.6
7f30c93d0000-7f30c93d4000 r--p 00214000 08:02 6035511                    /usr/lib/x86_64-linux-gnu/libc.so.6
7f30c93d4000-7f30c93d6000 rw-p 00218000 08:02 6035511                    /usr/lib/x86_64-linux-gnu/libc.so.6
7f30c93d6000-7f30c93e3000 rw-p 00000000 00:00 0 
7f30c93e5000-7f30c93e7000 r--s 0000c000 08:02 6954017                    /usr/share/java/java-atk-wrapper.jar
7f30c93e7000-7f30c93e8000 ---p 00000000 00:00 0 
7f30c93e8000-7f30c93e9000 r--p 00000000 00:00 0 
7f30c93e9000-7f30c93eb000 r--p 00000000 08:02 6952703                    /usr/lib/jvm/java-11-openjdk-amd64/lib/libjimage.so
7f30c93eb000-7f30c93ee000 r-xp 00002000 08:02 6952703                    /usr/lib/jvm/java-11-openjdk-amd64/lib/libjimage.so
7f30c93ee000-7f30c93ef000 r--p 00005000 08:02 6952703                    /usr/lib/jvm/java-11-openjdk-amd64/lib/libjimage.so
7f30c93ef000-7f30c93f0000 ---p 00006000 08:02 6952703                    /usr/lib/jvm/java-11-openjdk-amd64/lib/libjimage.so
7f30c93f0000-7f30c93f1000 r--p 00006000 08:02 6952703                    /usr/lib/jvm/java-11-openjdk-amd64/lib/libjimage.so
7f30c93f1000-7f30c93f2000 rw-p 00007000 08:02 6952703                    /usr/lib/jvm/java-11-openjdk-amd64/lib/libjimage.so
7f30c93f2000-7f30c93f5000 r--p 00000000 08:02 6952676                    /usr/lib/jvm/java-11-openjdk-amd64/lib/jli/libjli.so
7f30c93f5000-7f30c93ff000 r-xp 00003000 08:02 6952676                    /usr/lib/jvm/java-11-openjdk-amd64/lib/jli/libjli.so
7f30c93ff000-7f30c9402000 r--p 0000d000 08:02 6952676                    /usr/lib/jvm/java-11-openjdk-amd64/lib/jli/libjli.so
7f30c9402000-7f30c9403000 ---p 00010000 08:02 6952676                    /usr/lib/jvm/java-11-openjdk-amd64/lib/jli/libjli.so
7f30c9403000-7f30c9404000 r--p 00010000 08:02 6952676                    /usr/lib/jvm/java-11-openjdk-amd64/lib/jli/libjli.so
7f30c9404000-7f30c9405000 rw-p 00011000 08:02 6952676                    /usr/lib/jvm/java-11-openjdk-amd64/lib/jli/libjli.so
7f30c9405000-7f30c9407000 rw-p 00000000 00:00 0 
7f30c9407000-7f30c9409000 r--p 00000000 08:02 6035174                    /usr/lib/x86_64-linux-gnu/ld-linux-x86-64.so.2
7f30c9409000-7f30c9433000 r-xp 00002000 08:02 6035174                    /usr/lib/x86_64-linux-gnu/ld-linux-x86-64.so.2
7f30c9433000-7f30c943e000 r--p 0002c000 08:02 6035174                    /usr/lib/x86_64-linux-gnu/ld-linux-x86-64.so.2
7f30c943f000-7f30c9441000 r--p 00037000 08:02 6035174                    /usr/lib/x86_64-linux-gnu/ld-linux-x86-64.so.2
7f30c9441000-7f30c9443000 rw-p 00039000 08:02 6035174                    /usr/lib/x86_64-linux-gnu/ld-linux-x86-64.so.2
7fff1508a000-7fff150ad000 rw-p 00000000 00:00 0                          [stack]
7fff151a9000-7fff151ad000 r--p 00000000 00:00 0                          [vvar]
7fff151ad000-7fff151af000 r-xp 00000000 00:00 0                          [vdso]
ffffffffff600000-ffffffffff601000 --xp 00000000 00:00 0                  [vsyscall]


VM Arguments:
jvm_args: -XX:TieredStopAtLevel=1 -Xverify:none -Dspring.output.ansi.enabled=always -Dcom.sun.management.jmxremote -Dspring.jmx.enabled=true -Dspring.liveBeansView.mbeanDomain -Dspring.application.admin.enabled=true -javaagent:/snap/intellij-idea-ultimate/377/lib/idea_rt.jar=32983:/snap/intellij-idea-ultimate/377/bin -Dfile.encoding=UTF-8 
java_command: com.commandespringboot.CommandeSpringBootApplication
java_class_path (initial): /home/niass/Documents/Java/SpringCommande/target/classes:/home/niass/.m2/repository/org/springframework/boot/spring-boot-starter-security/2.7.2/spring-boot-starter-security-2.7.2.jar:/home/niass/.m2/repository/org/springframework/boot/spring-boot-starter/2.7.2/spring-boot-starter-2.7.2.jar:/home/niass/.m2/repository/org/springframework/boot/spring-boot-starter-logging/2.7.2/spring-boot-starter-logging-2.7.2.jar:/home/niass/.m2/repository/ch/qos/logback/logback-classic/1.2.11/logback-classic-1.2.11.jar:/home/niass/.m2/repository/ch/qos/logback/logback-core/1.2.11/logback-core-1.2.11.jar:/home/niass/.m2/repository/org/apache/logging/log4j/log4j-to-slf4j/2.17.2/log4j-to-slf4j-2.17.2.jar:/home/niass/.m2/repository/org/apache/logging/log4j/log4j-api/2.17.2/log4j-api-2.17.2.jar:/home/niass/.m2/repository/org/slf4j/jul-to-slf4j/1.7.36/jul-to-slf4j-1.7.36.jar:/home/niass/.m2/repository/jakarta/annotation/jakarta.annotation-api/1.3.5/jakarta.annotation-api-1.3.5.jar:/home/niass/.m2/repository/org/yaml/snakeyaml/1.30/snakeyaml-1.30.jar:/home/niass/.m2/repository/org/springframework/spring-aop/5.3.22/spring-aop-5.3.22.jar:/home/niass/.m2/repository/org/springframework/spring-beans/5.3.22/spring-beans-5.3.22.jar:/home/niass/.m2/repository/org/springframework/security/spring-security-config/5.7.2/spring-security-config-5.7.2.jar:/home/niass/.m2/repository/org/springframework/spring-context/5.3.22/spring-context-5.3.22.jar:/home/niass/.m2/repository/org/springframework/security/spring-security-web/5.7.2/spring-security-web-5.7.2.jar:/home/niass/.m2/repository/org/springframework/spring-expression/5.3.22/spring-expression-5.3.22.jar:/home/niass/.m2/repository/org/springframework/boot/spring-boot-starter-data-jpa/2.7.2/spring-boot-starter-data-jpa-2.7.2.jar:/home/niass/.m2/repository/org/springframework/boot/spring-boot-starter-aop/2.7.2/spring-boot-starter-aop-2.7.2.jar:/home/niass/.m2/repository/org/aspectj/aspectjweaver/1.9.7/aspectjweaver-1.9.7.jar:
Launcher Type: SUN_STANDARD

[Global flags]
     bool BytecodeVerificationLocal                = false                                     {product} {command line}
     bool BytecodeVerificationRemote               = false                                     {product} {command line}
     intx CICompilerCount                          = 3                                         {product} {ergonomic}
     uint ConcGCThreads                            = 1                                         {product} {ergonomic}
     uint G1ConcRefinementThreads                  = 4                                         {product} {ergonomic}
   size_t G1HeapRegionSize                         = 1048576                                   {product} {ergonomic}
    uintx GCDrainStackTargetSize                   = 64                                        {product} {ergonomic}
   size_t InitialHeapSize                          = 130023424                                 {product} {ergonomic}
     bool ManagementServer                         = true                                      {product} {command line}
   size_t MarkStackSize                            = 4194304                                   {product} {ergonomic}
   size_t MaxHeapSize                              = 2057306112                                {product} {ergonomic}
   size_t MaxNewSize                               = 1234173952                                {product} {ergonomic}
   size_t MinHeapDeltaBytes                        = 1048576                                   {product} {ergonomic}
    uintx NonNMethodCodeHeapSize                   = 6973028                                {pd product} {ergonomic}
    uintx NonProfiledCodeHeapSize                  = 244685212                              {pd product} {ergonomic}
    uintx ProfiledCodeHeapSize                     = 0                                      {pd product} {ergonomic}
    uintx ReservedCodeCacheSize                    = 251658240                              {pd product} {ergonomic}
     bool SegmentedCodeCache                       = true                                      {product} {ergonomic}
     intx TieredStopAtLevel                        = 1                                         {product} {command line}
     bool UseCompressedClassPointers               = true                                 {lp64_product} {ergonomic}
     bool UseCompressedOops                        = true                                 {lp64_product} {ergonomic}
     bool UseG1GC                                  = true                                      {product} {ergonomic}

Logging:
Log output configuration:
 #0: stdout all=warning uptime,level,tags
 #1: stderr all=off uptime,level,tags

Environment Variables:
JAVA_HOME=/usr/lib/jvm/default-java
PATH=/opt/maven/bin:/usr/local/sbin:/usr/local/bin:/usr/sbin:/usr/bin:/sbin:/bin:/usr/games:/usr/local/games:/snap/bin:/snap/bin
USERNAME=niass
SHELL=/bin/bash
DISPLAY=:0
LANG=fr_FR.UTF-8

Signal Handlers:
SIGSEGV: [libjvm.so+0xea2440], sa_mask[0]=11111111011111111101111111111110, sa_flags=SA_RESTART|SA_SIGINFO
SIGBUS: [libjvm.so+0xea2440], sa_mask[0]=11111111011111111101111111111110, sa_flags=SA_RESTART|SA_SIGINFO
SIGFPE: [libjvm.so+0xea2440], sa_mask[0]=11111111011111111101111111111110, sa_flags=SA_RESTART|SA_SIGINFO
SIGPIPE: [libjvm.so+0xbe6300], sa_mask[0]=11111111011111111101111111111110, sa_flags=SA_RESTART|SA_SIGINFO
SIGXFSZ: [libjvm.so+0xbe6300], sa_mask[0]=11111111011111111101111111111110, sa_flags=SA_RESTART|SA_SIGINFO
SIGILL: [libjvm.so+0xea2440], sa_mask[0]=11111111011111111101111111111110, sa_flags=SA_RESTART|SA_SIGINFO
SIGUSR2: [libjvm.so+0xbe61a0], sa_mask[0]=00100000000000000000000000000000, sa_flags=SA_RESTART|SA_SIGINFO
SIGHUP: [libjvm.so+0xbe6a00], sa_mask[0]=11111111011111111101111111111110, sa_flags=SA_RESTART|SA_SIGINFO
SIGINT: [libjvm.so+0xbe6a00], sa_mask[0]=11111111011111111101111111111110, sa_flags=SA_RESTART|SA_SIGINFO
SIGTERM: [libjvm.so+0xbe6a00], sa_mask[0]=11111111011111111101111111111110, sa_flags=SA_RESTART|SA_SIGINFO
SIGQUIT: [libjvm.so+0xbe6a00], sa_mask[0]=11111111011111111101111111111110, sa_flags=SA_RESTART|SA_SIGINFO


---------------  S Y S T E M  ---------------

OS:DISTRIB_ID=Ubuntu
DISTRIB_RELEASE=22.04
DISTRIB_CODENAME=jammy
DISTRIB_DESCRIPTION="Ubuntu 22.04 LTS"
uname:Linux 5.15.0-43-generic #46-Ubuntu SMP Tue Jul 12 10:30:17 UTC 2022 x86_64
OS uptime: 0 days 5:18 hours
libc:glibc 2.35 NPTL 2.35 
rlimit (soft/hard): STACK 8192k/infinity , CORE 0k/infinity , NPROC 31101/31101 , NOFILE 1048576/1048576 , AS infinity/infinity , CPU infinity/infinity , DATA infinity/infinity , FSIZE infinity/infinity , MEMLOCK 1003916k/1003916k
load average:8,68 5,17 3,51

/proc/meminfo:
MemTotal:        8031332 kB
MemFree:          135056 kB
MemAvailable:    1621068 kB
Buffers:           33680 kB
Cached:          2006944 kB
SwapCached:        98640 kB
Active:          1376676 kB
Inactive:        5995504 kB
Active(anon):     765244 kB
Inactive(anon):  4959604 kB
Active(file):     611432 kB
Inactive(file):  1035900 kB
Unevictable:       35344 kB
Mlocked:              36 kB
SwapTotal:       2097148 kB
SwapFree:         386556 kB
Dirty:               664 kB
Writeback:             0 kB
AnonPages:       5269564 kB
Mapped:           936696 kB
Shmem:            397124 kB
KReclaimable:     127392 kB
Slab:             273620 kB
SReclaimable:     127392 kB
SUnreclaim:       146228 kB
KernelStack:       23744 kB
PageTables:        88292 kB
NFS_Unstable:          0 kB
Bounce:                0 kB
WritebackTmp:          0 kB
CommitLimit:     6112812 kB
Committed_AS:   19792896 kB
VmallocTotal:   34359738367 kB
VmallocUsed:       72092 kB
VmallocChunk:          0 kB
Percpu:             4272 kB
HardwareCorrupted:     0 kB
AnonHugePages:      6144 kB
ShmemHugePages:        0 kB
ShmemPmdMapped:        0 kB
FileHugePages:         0 kB
FilePmdMapped:         0 kB
HugePages_Total:       0
HugePages_Free:        0
HugePages_Rsvd:        0
HugePages_Surp:        0
Hugepagesize:       2048 kB
Hugetlb:               0 kB
DirectMap4k:      397532 kB
DirectMap2M:     6832128 kB
DirectMap1G:     2097152 kB

/sys/kernel/mm/transparent_hugepage/enabled:
always [madvise] never
/sys/kernel/mm/transparent_hugepage/defrag (defrag/compaction efforts parameter):
always defer defer+madvise [madvise] never

Process Memory:
Virtual Size: 5697640K (peak: 13433716K)
Resident Set Size: 194592K (peak: 194592K) (anon: 168276K, file: 26316K, shmem: 0K)
Swapped out: 0K

[error occurred during error reporting (printing OS information), id 0xb, SIGSEGV (0xb) at pc=0x00007f30c925be18]

CPU:total 4 (initial active 4) (2 cores per cpu, 2 threads per core) family 6 model 78 stepping 3 microcode 0xf0, cmov, cx8, fxsr, mmx, sse, sse2, sse3, ssse3, sse4.1, sse4.2, popcnt, avx, avx2, aes, clmul, erms, 3dnowpref, lzcnt, ht, tsc, tscinvbit, bmi1, bmi2, adx, fma
CPU Model and flags from /proc/cpuinfo:
model name	: Intel(R) Core(TM) i5-6200U CPU @ 2.30GHz
flags		: fpu vme de pse tsc msr pae mce cx8 apic sep mtrr pge mca cmov pat pse36 clflush dts acpi mmx fxsr sse sse2 ss ht tm pbe syscall nx pdpe1gb rdtscp lm constant_tsc art arch_perfmon pebs bts rep_good nopl xtopology nonstop_tsc cpuid aperfmperf pni pclmulqdq dtes64 monitor ds_cpl vmx est tm2 ssse3 sdbg fma cx16 xtpr pdcm pcid sse4_1 sse4_2 x2apic movbe popcnt tsc_deadline_timer aes xsave avx f16c rdrand lahf_lm abm 3dnowprefetch cpuid_fault epb invpcid_single pti ssbd ibrs ibpb stibp tpr_shadow vnmi flexpriority ept vpid ept_ad fsgsbase tsc_adjust bmi1 avx2 smep bmi2 erms invpcid mpx rdseed adx smap clflushopt intel_pt xsaveopt xsavec xgetbv1 xsaves dtherm ida arat pln pts hwp hwp_notify hwp_act_window hwp_epp md_clear flush_l1d arch_capabilities
Online cpus:
0-3
Offline cpus:

BIOS frequency limitation:
<Not Available>
Frequency switch latency (ns):
0
Available cpu frequencies:
<Not Available>
Current governor:
powersave
Core performance/turbo boost:
<Not Available>

Memory: 4k page
[timeout occurred during error reporting in step "printing memory info"] after 30 s.
vm_info: OpenJDK 64-Bit Server VM (11.0.16+8-post-Ubuntu-0ubuntu122.04) for linux-amd64 JRE (11.0.16+8-post-Ubuntu-0ubuntu122.04), built on Jul 22 2022 09:14:39 by "unknown" with gcc 11.2.0

END.
